#
# There is insufficient memory for the Java Runtime Environment to continue.
# Native memory allocation (mmap) failed to map 98566144 bytes for G1 virtual space
# Possible reasons:
#   The system is out of physical RAM or swap space
#   The process is running with CompressedOops enabled, and the Java Heap may be blocking the growth of the native heap
# Possible solutions:
#   Reduce memory load on the system
#   Increase physical memory or swap space
#   Check if swap backing store is full
#   Decrease Java heap size (-Xmx/-Xms)
#   Decrease number of Java threads
#   Decrease Java thread stack sizes (-Xss)
#   Set larger code cache with -XX:ReservedCodeCacheSize=
#   JVM is running with Unscaled Compressed Oops mode in which the Java heap is
#     placed in the first 4GB address space. The Java Heap base address is the
#     maximum limit for the native heap growth. Please use -XX:HeapBaseMinAddress
#     to set the Java Heap base and to place the Java Heap above 4GB virtual address.
# This output file may be truncated or incomplete.
#
#  Out of Memory Error (os_windows.cpp:3528), pid=14204, tid=10376
#
# JRE version:  (20.0.2+9) (build )
# Java VM: Java HotSpot(TM) 64-Bit Server VM (20.0.2+9-78, mixed mode, sharing, tiered, compressed oops, compressed class ptrs, g1 gc, windows-amd64)
# No core dump will be written. Minidumps are not enabled by default on client versions of Windows
#

---------------  S U M M A R Y ------------

Command Line: -Dfile.encoding=UTF-8 --module-path=C:\Users\emapa\OneDrive\Documents\NetBeansProjects\HHG\build\classes hhg.Reception

Host: AMD Ryzen 5 5500U with Radeon Graphics         , 12 cores, 5G,  Windows 11 , 64 bit Build 22621 (10.0.22621.2506)
Time: Thu Dec 21 17:14:04 2023 Central European Standard Time elapsed time: 0.022418 seconds (0d 0h 0m 0s)

---------------  T H R E A D  ---------------

Current thread (0x000002afc4ae7080):  JavaThread "Unknown thread" [_thread_in_vm, id=10376, stack(0x000000d35a300000,0x000000d35a400000)]

Stack: [0x000000d35a300000,0x000000d35a400000]
Native frames: (J=compiled Java code, j=interpreted, Vv=VM code, C=native code)
V  [jvm.dll+0x6bc25a]
V  [jvm.dll+0x84971a]
V  [jvm.dll+0x84b315]
V  [jvm.dll+0x84ba13]
V  [jvm.dll+0x280e4f]
V  [jvm.dll+0x6b8fe9]
V  [jvm.dll+0x6adbca]
V  [jvm.dll+0x35b165]
V  [jvm.dll+0x363386]
V  [jvm.dll+0x3b400e]
V  [jvm.dll+0x3b4295]
V  [jvm.dll+0x32b86a]
V  [jvm.dll+0x32c68b]
V  [jvm.dll+0x8123df]
V  [jvm.dll+0x3c1261]
V  [jvm.dll+0x7fe103]
V  [jvm.dll+0x44ccaf]
V  [jvm.dll+0x44e621]
C  [jli.dll+0x5287]
C  [ucrtbase.dll+0x29363]
C  [KERNEL32.DLL+0x1257d]
C  [ntdll.dll+0x5aa58]


---------------  P R O C E S S  ---------------

Threads class SMR info:
_java_thread_list=0x00007ff99f94b118, length=0, elements={
}

Java Threads: ( => current thread )

Other Threads:
  0x000002afc4b386a0 WorkerThread "GC Thread#0" [stack: 0x000000d35a400000,0x000000d35a500000] [id=20088]
  0x000002afc4b45170 ConcurrentGCThread "G1 Main Marker" [stack: 0x000000d35a500000,0x000000d35a600000] [id=16604]
  0x000002afc4b45ba0 WorkerThread "G1 Conc#0" [stack: 0x000000d35a600000,0x000000d35a700000] [id=5224]

[error occurred during error reporting (printing all threads), id 0xc0000005, EXCEPTION_ACCESS_VIOLATION (0xc0000005) at pc=0x00007ff99f12eea7]
VM state: not at safepoint (not fully initialized)

VM Mutex/Monitor currently owned by a thread:  ([mutex/lock_event])
[0x000002afc4ae2340] Heap_lock - owner thread: 0x000002afc4ae7080

Heap address: 0x00000000a2200000, size: 1502 MB, Compressed Oops mode: 32-bit

CDS archive(s) mapped at: [0x0000000000000000-0x0000000000000000-0x0000000000000000), size 0, SharedBaseAddress: 0x0000000800000000, ArchiveRelocationMode: 1.
Narrow klass base: 0x0000000000000000, Narrow klass shift: 0, Narrow klass range: 0x0

GC Precious Log:
 CardTable entry size: 512
 Card Set container configuration: InlinePtr #cards 5 size 8 Array Of Cards #cards 12 size 40 Howl #buckets 4 coarsen threshold 1843 Howl Bitmap #cards 512 size 80 coarsen threshold 460 Card regions per heap region 1 cards per card region 2048

Heap:
 garbage-first heap   total 0K, used 0K [0x00000000a2200000, 0x0000000100000000)
  region size 1024K, 0 young (0K), 0 survivors (0K)

[error occurred during error reporting (printing heap information), id 0xc0000005, EXCEPTION_ACCESS_VIOLATION (0xc0000005) at pc=0x00007ff99f5047b9]
GC Heap History (0 events):
No events

Dll operation events (1 events):
Event: 0.013 Loaded shared library C:\Program Files\Java\jdk-20\bin\java.dll

Deoptimization events (0 events):
No events

Classes loaded (0 events):
No events

Classes unloaded (0 events):
No events

Classes redefined (0 events):
No events

Internal exceptions (0 events):
No events

VM Operations (0 events):
No events

Events (0 events):
No events


Dynamic libraries:
0x00007ff6481e0000 - 0x00007ff6481f0000 	C:\Program Files\Java\jdk-20\bin\java.exe
0x00007ffa16610000 - 0x00007ffa16827000 	C:\WINDOWS\SYSTEM32\ntdll.dll
0x00007ffa15270000 - 0x00007ffa15334000 	C:\WINDOWS\System32\KERNEL32.DLL
0x00007ffa13c30000 - 0x00007ffa13fd6000 	C:\WINDOWS\System32\KERNELBASE.dll
0x00007ffa13aa0000 - 0x00007ffa13bb1000 	C:\WINDOWS\System32\ucrtbase.dll
0x00007ffa088a0000 - 0x00007ffa088b9000 	C:\Program Files\Java\jdk-20\bin\jli.dll
0x00007ffa09270000 - 0x00007ffa0928b000 	C:\Program Files\Java\jdk-20\bin\VCRUNTIME140.dll
0x00007ffa14610000 - 0x00007ffa146c1000 	C:\WINDOWS\System32\ADVAPI32.dll
0x00007ffa146d0000 - 0x00007ffa14777000 	C:\WINDOWS\System32\msvcrt.dll
0x00007ffa14fd0000 - 0x00007ffa15075000 	C:\WINDOWS\System32\sechost.dll
0x00007ffa153f0000 - 0x00007ffa15507000 	C:\WINDOWS\System32\RPCRT4.dll
0x00007ffa150c0000 - 0x00007ffa1526e000 	C:\WINDOWS\System32\USER32.dll
0x00007ffa14330000 - 0x00007ffa14356000 	C:\WINDOWS\System32\win32u.dll
0x00007ffa02dd0000 - 0x00007ffa03063000 	C:\WINDOWS\WinSxS\amd64_microsoft.windows.common-controls_6595b64144ccf1df_6.0.22621.2506_none_270c5ae97388e100\COMCTL32.dll
0x00007ffa15db0000 - 0x00007ffa15dd9000 	C:\WINDOWS\System32\GDI32.dll
0x00007ffa13980000 - 0x00007ffa13a98000 	C:\WINDOWS\System32\gdi32full.dll
0x00007ffa14290000 - 0x00007ffa1432a000 	C:\WINDOWS\System32\msvcp_win.dll
0x00007ffa0bcf0000 - 0x00007ffa0bcfa000 	C:\WINDOWS\SYSTEM32\VERSION.dll
0x00007ffa15080000 - 0x00007ffa150b1000 	C:\WINDOWS\System32\IMM32.DLL
0x00007ffa0c9d0000 - 0x00007ffa0c9dc000 	C:\Program Files\Java\jdk-20\bin\vcruntime140_1.dll
0x00007ff9ceea0000 - 0x00007ff9cef2e000 	C:\Program Files\Java\jdk-20\bin\msvcp140.dll
0x00007ff99edf0000 - 0x00007ff99fa88000 	C:\Program Files\Java\jdk-20\bin\server\jvm.dll
0x00007ffa10a20000 - 0x00007ffa10a29000 	C:\WINDOWS\SYSTEM32\WSOCK32.dll
0x00007ffa15e10000 - 0x00007ffa15e81000 	C:\WINDOWS\System32\WS2_32.dll
0x00007ffa0c190000 - 0x00007ffa0c1c4000 	C:\WINDOWS\SYSTEM32\WINMM.dll
0x00007ffa12940000 - 0x00007ffa12958000 	C:\WINDOWS\SYSTEM32\kernel.appcore.dll
0x00007ffa0c090000 - 0x00007ffa0c09a000 	C:\Program Files\Java\jdk-20\bin\jimage.dll
0x00007ffa0aeb0000 - 0x00007ffa0b0e3000 	C:\WINDOWS\SYSTEM32\DBGHELP.DLL
0x00007ffa14780000 - 0x00007ffa14b09000 	C:\WINDOWS\System32\combase.dll
0x00007ffa14d50000 - 0x00007ffa14e27000 	C:\WINDOWS\System32\OLEAUT32.dll
0x00007ffa00dd0000 - 0x00007ffa00e02000 	C:\WINDOWS\SYSTEM32\dbgcore.DLL
0x00007ffa13fe0000 - 0x00007ffa1405a000 	C:\WINDOWS\System32\bcryptPrimitives.dll
0x00007ffa080b0000 - 0x00007ffa080d6000 	C:\Program Files\Java\jdk-20\bin\java.dll

dbghelp: loaded successfully - version: 4.0.5 - missing functions: none
symbol engine: initialized successfully - sym options: 0x614 - pdb path: .;C:\Program Files\Java\jdk-20\bin;C:\WINDOWS\SYSTEM32;C:\WINDOWS\WinSxS\amd64_microsoft.windows.common-controls_6595b64144ccf1df_6.0.22621.2506_none_270c5ae97388e100;C:\Program Files\Java\jdk-20\bin\server

VM Arguments:
jvm_args: -Dfile.encoding=UTF-8 --module-path=C:\Users\emapa\OneDrive\Documents\NetBeansProjects\HHG\build\classes 
java_command: hhg.Reception
java_class_path (initial): C:\Users\emapa\Downloads\mysql-connector-java-8.0.28.jar;C:\Users\emapa\Downloads\rs2xml.jar;C:\Users\emapa\OneDrive\Documents\NetBeansProjects\HHG\build\classes
Launcher Type: SUN_STANDARD

[Global flags]
     intx CICompilerCount                          = 4                                         {product} {ergonomic}
     uint ConcGCThreads                            = 3                                         {product} {ergonomic}
     uint G1ConcRefinementThreads                  = 10                                        {product} {ergonomic}
   size_t G1HeapRegionSize                         = 1048576                                   {product} {ergonomic}
    uintx GCDrainStackTargetSize                   = 64                                        {product} {ergonomic}
   size_t InitialHeapSize                          = 98566144                                  {product} {ergonomic}
   size_t MarkStackSize                            = 4194304                                   {product} {ergonomic}
   size_t MaxHeapSize                              = 1574961152                                {product} {ergonomic}
   size_t MinHeapDeltaBytes                        = 1048576                                   {product} {ergonomic}
   size_t MinHeapSize                              = 8388608                                   {product} {ergonomic}
    uintx NonNMethodCodeHeapSize                   = 5839372                                {pd product} {ergonomic}
    uintx NonProfiledCodeHeapSize                  = 122909434                              {pd product} {ergonomic}
    uintx ProfiledCodeHeapSize                     = 122909434                              {pd product} {ergonomic}
    uintx ReservedCodeCacheSize                    = 251658240                              {pd product} {ergonomic}
     bool SegmentedCodeCache                       = true                                      {product} {ergonomic}
   size_t SoftMaxHeapSize                          = 1574961152                             {manageable} {ergonomic}
     bool UseCompressedClassPointers               = true                           {product lp64_product} {ergonomic}
     bool UseCompressedOops                        = true                           {product lp64_product} {ergonomic}
     bool UseG1GC                                  = true                                      {product} {ergonomic}
     bool UseLargePagesIndividualAllocation        = false                                  {pd product} {ergonomic}

Logging:
Log output configuration:
 #0: stdout all=warning uptime,level,tags foldmultilines=false
 #1: stderr all=off uptime,level,tags foldmultilines=false

Environment Variables:
PATH=C:\Program Files\Common Files\Oracle\Java\javapath;C:\WINDOWS\system32;C:\WINDOWS;C:\WINDOWS\System32\Wbem;C:\WINDOWS\System32\WindowsPowerShell\v1.0\;C:\WINDOWS\System32\OpenSSH\;C:\Program Files\Microsoft SQL Server\Client SDK\ODBC\170\Tools\Binn\;C:\Program Files\Azure Data Studio\bin;C:\Program Files\MySQL\MySQL Shell 8.0\bin\;C:\Users\emapa\AppData\Local\Microsoft\WindowsApps;C:\Program Files\Azure Data Studio\bin;C:\Users\emapa\OneDrive\Desktop\flutter\bin;;C:\Users\emapa\AppData\Local\Programs\Microsoft VS Code\bin
USERNAME=emapa
OS=Windows_NT
PROCESSOR_IDENTIFIER=AMD64 Family 23 Model 104 Stepping 1, AuthenticAMD
TMP=C:\Users\emapa\AppData\Local\Temp
TEMP=C:\Users\emapa\AppData\Local\Temp




---------------  S Y S T E M  ---------------

OS:
 Windows 11 , 64 bit Build 22621 (10.0.22621.2506)
OS uptime: 1 days 3:06 hours
Hyper-V role detected

CPU: total 12 (initial active 12) (12 cores per cpu, 2 threads per core) family 23 model 104 stepping 1 microcode 0x0, cx8, cmov, fxsr, ht, mmx, 3dnowpref, sse, sse2, sse3, ssse3, sse4a, sse4.1, sse4.2, popcnt, lzcnt, tsc, tscinvbit, avx, avx2, aes, clmul, bmi1, bmi2, adx, sha, fma, vzeroupper, clflush, clflushopt, hv, rdtscp, rdpid, f16c

Memory: 4k page, system-wide physical 6005M (286M free)
TotalPageFile size 24437M (AvailPageFile size 72M)
current process WorkingSet (physical memory assigned to process): 11M, peak: 11M
current process commit charge ("private bytes"): 64M, peak: 158M

vm_info: Java HotSpot(TM) 64-Bit Server VM (20.0.2+9-78) for windows-amd64 JRE (20.0.2+9-78), built on 2023-06-14T10:08:48Z by "mach5one" with MS VC++ 17.1 (VS2022)

END.
