#
# There is insufficient memory for the Java Runtime Environment to continue.
# Native memory allocation (mmap) failed to map 65536 bytes for Failed to commit metaspace.
# Possible reasons:
#   The system is out of physical RAM or swap space
#   The process is running with CompressedOops enabled, and the Java Heap may be blocking the growth of the native heap
# Possible solutions:
#   Reduce memory load on the system
#   Increase physical memory or swap space
#   Check if swap backing store is full
#   Decrease Java heap size (-Xmx/-Xms)
#   Decrease number of Java threads
#   Decrease Java thread stack sizes (-Xss)
#   Set larger code cache with -XX:ReservedCodeCacheSize=
#   JVM is running with Unscaled Compressed Oops mode in which the Java heap is
#     placed in the first 4GB address space. The Java Heap base address is the
#     maximum limit for the native heap growth. Please use -XX:HeapBaseMinAddress
#     to set the Java Heap base and to place the Java Heap above 4GB virtual address.
# This output file may be truncated or incomplete.
#
#  Out of Memory Error (virtualSpaceNode.cpp:110), pid=25484, tid=24876
#
# JRE version: Java(TM) SE Runtime Environment (20.0.2+9) (build 20.0.2+9-78)
# Java VM: Java HotSpot(TM) 64-Bit Server VM (20.0.2+9-78, mixed mode, sharing, tiered, compressed oops, compressed class ptrs, g1 gc, windows-amd64)
# No core dump will be written. Minidumps are not enabled by default on client versions of Windows
#

---------------  S U M M A R Y ------------

Command Line: -Dfile.encoding=UTF-8 --module-path=C:\Users\emapa\OneDrive\Documents\NetBeansProjects\HHG\build\classes hhg.HHG

Host: AMD Ryzen 5 5500U with Radeon Graphics         , 12 cores, 5G,  Windows 11 , 64 bit Build 22621 (10.0.22621.2506)
Time: Thu Dec 21 16:34:33 2023 Central European Standard Time elapsed time: 1.319399 seconds (0d 0h 0m 1s)

---------------  T H R E A D  ---------------

Current thread (0x000001d647c03a40):  JavaThread "AWT-EventQueue-0" [_thread_in_vm, id=24876, stack(0x0000002d39700000,0x0000002d39800000)]

Stack: [0x0000002d39700000,0x0000002d39800000]
Native frames: (J=compiled Java code, j=interpreted, Vv=VM code, C=native code)
V  [jvm.dll+0x6bc25a]
V  [jvm.dll+0x84971a]
V  [jvm.dll+0x84b315]
V  [jvm.dll+0x84ba13]
V  [jvm.dll+0x280e4f]
V  [jvm.dll+0x84565b]
V  [jvm.dll+0x660616]
V  [jvm.dll+0x66067a]
V  [jvm.dll+0x662f53]
V  [jvm.dll+0x662e1e]
V  [jvm.dll+0x66102e]
V  [jvm.dll+0x26c9df]
V  [jvm.dll+0x66b665]
V  [jvm.dll+0x21b712]
V  [jvm.dll+0x21bc45]
V  [jvm.dll+0x21c631]
V  [jvm.dll+0x211a50]
V  [jvm.dll+0x59c7cc]
V  [jvm.dll+0x22303a]
V  [jvm.dll+0x7c38c4]
V  [jvm.dll+0x7c4a0f]
V  [jvm.dll+0x7c4fbf]
V  [jvm.dll+0x7c4c68]
V  [jvm.dll+0x2705bb]
V  [jvm.dll+0x2707df]
V  [jvm.dll+0x5be3f8]
V  [jvm.dll+0x5c1357]
V  [jvm.dll+0x3dc520]
V  [jvm.dll+0x3dbb5f]
C  0x000001d674a6e7e0

Java frames: (J=compiled Java code, j=interpreted, Vv=VM code)
j  java.awt.Window.getInputContext()Ljava/awt/im/InputContext;+15 java.desktop@20.0.2
j  java.awt.Component.dispatchEventImpl(Ljava/awt/AWTEvent;)V+301 java.desktop@20.0.2
j  java.awt.Container.dispatchEventImpl(Ljava/awt/AWTEvent;)V+42 java.desktop@20.0.2
j  java.awt.Window.dispatchEventImpl(Ljava/awt/AWTEvent;)V+19 java.desktop@20.0.2
j  java.awt.Component.dispatchEvent(Ljava/awt/AWTEvent;)V+2 java.desktop@20.0.2
j  java.awt.EventQueue.dispatchEventImpl(Ljava/awt/AWTEvent;Ljava/lang/Object;)V+41 java.desktop@20.0.2
j  java.awt.EventQueue$4.run()Ljava/lang/Void;+32 java.desktop@20.0.2
j  java.awt.EventQueue$4.run()Ljava/lang/Object;+1 java.desktop@20.0.2
J 725 c1 java.security.AccessController.doPrivileged(Ljava/security/PrivilegedAction;Ljava/security/AccessControlContext;)Ljava/lang/Object; java.base@20.0.2 (17 bytes) @ 0x000001d66d61e944 [0x000001d66d61e760+0x00000000000001e4]
j  java.security.ProtectionDomain$JavaSecurityAccessImpl.doIntersectionPrivilege(Ljava/security/PrivilegedAction;Ljava/security/AccessControlContext;Ljava/security/AccessControlContext;)Ljava/lang/Object;+18 java.base@20.0.2
j  java.security.ProtectionDomain$JavaSecurityAccessImpl.doIntersectionPrivilege(Ljava/security/PrivilegedAction;Ljava/security/AccessControlContext;)Ljava/lang/Object;+6 java.base@20.0.2
j  java.awt.EventQueue$5.run()Ljava/lang/Void;+11 java.desktop@20.0.2
j  java.awt.EventQueue$5.run()Ljava/lang/Object;+1 java.desktop@20.0.2
J 725 c1 java.security.AccessController.doPrivileged(Ljava/security/PrivilegedAction;Ljava/security/AccessControlContext;)Ljava/lang/Object; java.base@20.0.2 (17 bytes) @ 0x000001d66d61e944 [0x000001d66d61e760+0x00000000000001e4]
j  java.security.ProtectionDomain$JavaSecurityAccessImpl.doIntersectionPrivilege(Ljava/security/PrivilegedAction;Ljava/security/AccessControlContext;Ljava/security/AccessControlContext;)Ljava/lang/Object;+18 java.base@20.0.2
j  java.awt.EventQueue.dispatchEvent(Ljava/awt/AWTEvent;)V+73 java.desktop@20.0.2
j  java.awt.EventDispatchThread.pumpOneEventForFilters(I)V+81 java.desktop@20.0.2
j  java.awt.EventDispatchThread.pumpEventsForFilter(ILjava/awt/Conditional;Ljava/awt/EventFilter;)V+35 java.desktop@20.0.2
j  java.awt.EventDispatchThread.pumpEventsForHierarchy(ILjava/awt/Conditional;Ljava/awt/Component;)V+11 java.desktop@20.0.2
j  java.awt.EventDispatchThread.pumpEvents(ILjava/awt/Conditional;)V+4 java.desktop@20.0.2
j  java.awt.EventDispatchThread.pumpEvents(Ljava/awt/Conditional;)V+3 java.desktop@20.0.2
j  java.awt.EventDispatchThread.run()V+9 java.desktop@20.0.2
v  ~StubRoutines::call_stub 0x000001d674a4100d

Compiled method (c1)    1364  725       3       java.security.AccessController::doPrivileged (17 bytes)
 total in heap  [0x000001d66d61e590,0x000001d66d61ecb0] = 1824
 relocation     [0x000001d66d61e6d8,0x000001d66d61e760] = 136
 main code      [0x000001d66d61e760,0x000001d66d61eaa8] = 840
 stub code      [0x000001d66d61eaa8,0x000001d66d61eb20] = 120
 metadata       [0x000001d66d61eb20,0x000001d66d61eb38] = 24
 scopes data    [0x000001d66d61eb38,0x000001d66d61ebe8] = 176
 scopes pcs     [0x000001d66d61ebe8,0x000001d66d61ec98] = 176
 dependencies   [0x000001d66d61ec98,0x000001d66d61eca0] = 8
 nul chk table  [0x000001d66d61eca0,0x000001d66d61ecb0] = 16

[Constant Pool (empty)]

[MachCode]
[Verified Entry Point]
  # {method} {0x000001d6024738d0} 'doPrivileged' '(Ljava/security/PrivilegedAction;Ljava/security/AccessControlContext;)Ljava/lang/Object;' in 'java/security/AccessController'
  # parm0:    rdx:rdx   = 'java/security/PrivilegedAction'
  # parm1:    r8:r8     = 'java/security/AccessControlContext'
  #           [sp+0x80]  (sp of caller)
  0x000001d66d61e760: 8984 2400 | 80ff ff55 | 4883 ec70 | 4181 7f20 | 0100 0000 

  0x000001d66d61e774: ;   {runtime_call StubRoutines (2)}
  0x000001d66d61e774: 7405 e845 

  0x000001d66d61e778: ;   {metadata(method data for {method} {0x000001d6024738d0} 'doPrivileged' '(Ljava/security/PrivilegedAction;Ljava/security/AccessControlContext;)Ljava/lang/Object;' in 'java/security/AccessController')}
  0x000001d66d61e778: 9e46 0748 | bec0 c451 | 43d6 0100 | 008b becc | 0000 0083 | c702 89be | cc00 0000 | 81e7 fe07 
  0x000001d66d61e798: 0000 83ff | 000f 843d | 0200 004c | 8944 2440 | 4889 5424 

  0x000001d66d61e7ac: ;   {metadata(method data for {method} {0x000001d6024738d0} 'doPrivileged' '(Ljava/security/PrivilegedAction;Ljava/security/AccessControlContext;)Ljava/lang/Object;' in 'java/security/AccessController')}
  0x000001d66d61e7ac: 4848 bec0 | c451 43d6 | 0100 0048 | 8386 1001 

  0x000001d66d61e7bc: ;   {static_call}
  0x000001d66d61e7bc: 0000 01e8 

  0x000001d66d61e7c0: ; ImmutableOopMap {[64]=Oop [72]=Oop }
                      ;*invokestatic getCallerClass {reexecute=0 rethrow=0 return_oop=0}
                      ; - java.security.AccessController::doPrivileged@0 (line 398)
  0x000001d66d61e7c0: 7caf 9e07 

  0x000001d66d61e7c4: ;   {metadata(method data for {method} {0x000001d6024738d0} 'doPrivileged' '(Ljava/security/PrivilegedAction;Ljava/security/AccessControlContext;)Ljava/lang/Object;' in 'java/security/AccessController')}
  0x000001d66d61e7c4: 48ba c0c4 | 5143 d601 | 0000 4883 | 8220 0100 | 0001 488b | 5424 404c | 8bc0 4889 | 4424 500f 
  0x000001d66d61e7e4: ;   {static_call}
  0x000001d66d61e7e4: 1f40 00e8 

  0x000001d66d61e7e8: ; ImmutableOopMap {[72]=Oop [80]=Oop }
                      ;*invokestatic checkContext {reexecute=0 rethrow=0 return_oop=0}
                      ; - java.security.AccessController::doPrivileged@6 (line 399)
  0x000001d66d61e7e8: b4fa ffff | 4889 4424 

  0x000001d66d61e7f0: ;   {metadata(method data for {method} {0x000001d6024738d0} 'doPrivileged' '(Ljava/security/PrivilegedAction;Ljava/security/AccessControlContext;)Ljava/lang/Object;' in 'java/security/AccessController')}
  0x000001d66d61e7f0: 5848 bac0 | c451 43d6 | 0100 0048 | 8382 3001 

  0x000001d66d61e800: ;   {metadata(method data for {method} {0x000001d602473b58} 'executePrivileged' '(Ljava/security/PrivilegedAction;Ljava/security/AccessControlContext;Ljava/lang/Class;)Ljava/lang/Object;' in 'java/security/AccessController')}
  0x000001d66d61e800: 0000 0148 | baf8 650f | 43d6 0100 | 008b b2cc | 0000 0083 | c602 89b2 | cc00 0000 | 81e6 feff 
  0x000001d66d61e820: 1f00 83fe | 000f 84d6 | 0100 0048 

  0x000001d66d61e82c: ;   {metadata(method data for {method} {0x000001d602473b58} 'executePrivileged' '(Ljava/security/PrivilegedAction;Ljava/security/AccessControlContext;Ljava/lang/Class;)Ljava/lang/Object;' in 'java/security/AccessController')}
  0x000001d66d61e82c: 83f8 0048 | baf8 650f | 43d6 0100 | 0048 be10 | 0100 0000 | 0000 000f | 840a 0000 | 0048 be20 
  0x000001d66d61e84c: 0100 0000 | 0000 0048 | 8b3c 3248 | 8d7f 0148 | 893c 320f | 841f 0000 

  0x000001d66d61e864: ;   {metadata(method data for {method} {0x000001d602473b58} 'executePrivileged' '(Ljava/security/PrivilegedAction;Ljava/security/AccessControlContext;Ljava/lang/Class;)Ljava/lang/Object;' in 'java/security/AccessController')}
  0x000001d66d61e864: 0048 baf8 | 650f 43d6 | 0100 0048 | 8382 3001 | 0000 0148 | 8bd0 0f1f 

  0x000001d66d61e87c: ;   {static_call}
  0x000001d66d61e87c: 4400 00e8 

  0x000001d66d61e880: ; ImmutableOopMap {[72]=Oop [80]=Oop [88]=Oop }
                      ;*invokestatic ensureMaterializedForStackWalk {reexecute=0 rethrow=0 return_oop=0}
                      ; - java.security.AccessController::executePrivileged@5 (line 774)
                      ; - java.security.AccessController::doPrivileged@13 (line 400)
  0x000001d66d61e880: 3c6c 9f07 

  0x000001d66d61e884: ;   {metadata(method data for {method} {0x000001d602473b58} 'executePrivileged' '(Ljava/security/PrivilegedAction;Ljava/security/AccessControlContext;Ljava/lang/Class;)Ljava/lang/Object;' in 'java/security/AccessController')}
  0x000001d66d61e884: 48ba f865 | 0f43 d601 | 0000 ff82 | 4001 0000 | 488b 5424 | 4848 3b02 

  0x000001d66d61e89c: ;   {metadata(method data for {method} {0x000001d602473b58} 'executePrivileged' '(Ljava/security/PrivilegedAction;Ljava/security/AccessControlContext;Ljava/lang/Class;)Ljava/lang/Object;' in 'java/security/AccessController')}
  0x000001d66d61e89c: 488b f248 | bff8 650f | 43d6 0100 | 008b 7608 | 49ba 0000 | 0002 d601 | 0000 4903 | f248 3bb7 
  0x000001d66d61e8bc: b001 0000 | 750d 4883 | 87b8 0100 | 0001 e960 | 0000 0048 | 3bb7 c001 | 0000 750d | 4883 87c8 
  0x000001d66d61e8dc: 0100 0001 | e94a 0000 | 0048 83bf | b001 0000 | 0075 1748 | 89b7 b001 | 0000 48c7 | 87b8 0100 
  0x000001d66d61e8fc: 0001 0000 | 00e9 2900 | 0000 4883 | bfc0 0100 | 0000 7517 | 4889 b7c0 | 0100 0048 | c787 c801 
  0x000001d66d61e91c: 0000 0100 | 0000 e908 | 0000 0048 | 8387 a001 | 0000 0166 | 0f1f 4400 | 0048 b8ff | ffff ffff 
  0x000001d66d61e93c: ;   {virtual_call}
  0x000001d66d61e93c: ffff ffe8 

  0x000001d66d61e940: ; ImmutableOopMap {[80]=Oop [88]=Oop }
                      ;*invokeinterface run {reexecute=0 rethrow=0 return_oop=0}
                      ; - java.security.AccessController::executePrivileged@29 (line 778)
                      ; - java.security.AccessController::doPrivileged@13 (line 400)
  0x000001d66d61e940: 5c3a 4807 

  0x000001d66d61e944: ;   {metadata(method data for {method} {0x000001d602473b58} 'executePrivileged' '(Ljava/security/PrivilegedAction;Ljava/security/AccessControlContext;Ljava/lang/Class;)Ljava/lang/Object;' in 'java/security/AccessController')}
  0x000001d66d61e944: 48be f865 | 0f43 d601 | 0000 ff86 | d801 0000 | 488b 7424 

  0x000001d66d61e958: ;   {metadata(method data for {method} {0x000001d602473b58} 'executePrivileged' '(Ljava/security/PrivilegedAction;Ljava/security/AccessControlContext;Ljava/lang/Class;)Ljava/lang/Object;' in 'java/security/AccessController')}
  0x000001d66d61e958: 5048 bff8 | 650f 43d6 | 0100 0048 | 8387 3802 

  0x000001d66d61e968: ;   {metadata(method data for {method} {0x000001d60203d7e0} 'reachabilityFence' '(Ljava/lang/Object;)V' in 'java/lang/ref/Reference')}
  0x000001d66d61e968: 0000 0148 | bf08 b20c | 43d6 0100 | 008b 9fcc | 0000 0083 | c302 899f | cc00 0000 | 81e3 feff 
  0x000001d66d61e988: 1f00 83fb | 000f 8494 

  0x000001d66d61e990: ;   {metadata(method data for {method} {0x000001d602473b58} 'executePrivileged' '(Ljava/security/PrivilegedAction;Ljava/security/AccessControlContext;Ljava/lang/Class;)Ljava/lang/Object;' in 'java/security/AccessController')}
  0x000001d66d61e990: 0000 0048 | bef8 650f | 43d6 0100 | 0048 8386 | 4802 0000 

  0x000001d66d61e9a4: ;   {metadata(method data for {method} {0x000001d60203d7e0} 'reachabilityFence' '(Ljava/lang/Object;)V' in 'java/lang/ref/Reference')}
  0x000001d66d61e9a4: 0148 be08 | b20c 43d6 | 0100 008b | becc 0000 | 0083 c702 | 89be cc00 | 0000 81e7 | feff 1f00 
  0x000001d66d61e9c4: 83ff 000f | 847b 0000 | 0048 83c4 

  0x000001d66d61e9d0: ;   {poll_return}
  0x000001d66d61e9d0: 705d 493b | a778 0300 | 000f 878a | 0000 00c3 

  0x000001d66d61e9e0: ;   {metadata({method} {0x000001d6024738d0} 'doPrivileged' '(Ljava/security/PrivilegedAction;Ljava/security/AccessControlContext;)Ljava/lang/Object;' in 'java/security/AccessController')}
  0x000001d66d61e9e0: 49ba c838 | 4702 d601 | 0000 4c89 | 5424 0848 | c704 24ff 

  0x000001d66d61e9f4: ;   {runtime_call counter_overflow Runtime1 stub}
  0x000001d66d61e9f4: ffff ffe8 

  0x000001d66d61e9f8: ; ImmutableOopMap {rdx=Oop r8=Oop }
                      ;*synchronization entry
                      ; - java.security.AccessController::doPrivileged@-1 (line 398)
  0x000001d66d61e9f8: 849c 5407 | e9a2 fdff 

  0x000001d66d61ea00: ;   {metadata({method} {0x000001d602473b58} 'executePrivileged' '(Ljava/security/PrivilegedAction;Ljava/security/AccessControlContext;Ljava/lang/Class;)Ljava/lang/Object;' in 'java/security/AccessController')}
  0x000001d66d61ea00: ff49 ba50 | 3b47 02d6 | 0100 004c | 8954 2408 | 48c7 0424 | ffff ffff 

  0x000001d66d61ea18: ;   {runtime_call counter_overflow Runtime1 stub}
  0x000001d66d61ea18: e863 9c54 

  0x000001d66d61ea1c: ; ImmutableOopMap {rax=Oop [72]=Oop [80]=Oop [88]=Oop }
                      ;*synchronization entry
                      ; - java.security.AccessController::executePrivileged@-1 (line 773)
                      ; - java.security.AccessController::doPrivileged@13 (line 400)
  0x000001d66d61ea1c: 07e9 09fe 

  0x000001d66d61ea20: ;   {runtime_call throw_null_pointer_exception Runtime1 stub}
  0x000001d66d61ea20: ffff e8d9 

  0x000001d66d61ea24: ; ImmutableOopMap {rdx=Oop [80]=Oop [88]=Oop }
                      ;*invokeinterface run {reexecute=0 rethrow=0 return_oop=0}
                      ; - java.security.AccessController::executePrivileged@29 (line 778)
                      ; - java.security.AccessController::doPrivileged@13 (line 400)
                      ;   {metadata({method} {0x000001d60203d7e0} 'reachabilityFence' '(Ljava/lang/Object;)V' in 'java/lang/ref/Reference')}
  0x000001d66d61ea24: 2f54 0749 | bad8 d703 | 02d6 0100 | 004c 8954 | 2408 48c7 | 0424 ffff 

  0x000001d66d61ea3c: ;   {runtime_call counter_overflow Runtime1 stub}
  0x000001d66d61ea3c: ffff e83d 

  0x000001d66d61ea40: ; ImmutableOopMap {rax=Oop rsi=Oop }
                      ;*synchronization entry
                      ; - java.lang.ref.Reference::reachabilityFence@-1 (line 628)
                      ; - java.security.AccessController::executePrivileged@56 (line 783)
                      ; - java.security.AccessController::doPrivileged@13 (line 400)
  0x000001d66d61ea40: 9c54 07e9 | 4bff ffff 

  0x000001d66d61ea48: ;   {metadata({method} {0x000001d60203d7e0} 'reachabilityFence' '(Ljava/lang/Object;)V' in 'java/lang/ref/Reference')}
  0x000001d66d61ea48: 49ba d8d7 | 0302 d601 | 0000 4c89 | 5424 0848 | c704 24ff 

  0x000001d66d61ea5c: ;   {runtime_call counter_overflow Runtime1 stub}
  0x000001d66d61ea5c: ffff ffe8 

  0x000001d66d61ea60: ; ImmutableOopMap {rax=Oop }
                      ;*synchronization entry
                      ; - java.lang.ref.Reference::reachabilityFence@-1 (line 628)
                      ; - java.security.AccessController::executePrivileged@60 (line 784)
                      ; - java.security.AccessController::doPrivileged@13 (line 400)
  0x000001d66d61ea60: 1c9c 5407 | e964 ffff 

  0x000001d66d61ea68: ;   {internal_word}
  0x000001d66d61ea68: ff49 bad2 | e961 6dd6 | 0100 004d | 8997 9003 

  0x000001d66d61ea78: ;   {runtime_call SafepointBlob}
  0x000001d66d61ea78: 0000 e901 | c348 0749 | 8b87 2804 | 0000 49c7 | 8728 0400 | 0000 0000 | 0049 c787 | 3004 0000 
  0x000001d66d61ea98: 0000 0000 | 4883 c470 

  0x000001d66d61eaa0: ;   {runtime_call unwind_exception Runtime1 stub}
  0x000001d66d61eaa0: 5de9 da1b | 5407 f4f4 
[Stub Code]
  0x000001d66d61eaa8: ;   {no_reloc}
  0x000001d66d61eaa8: 0f1f 4400 

  0x000001d66d61eaac: ;   {static_stub}
  0x000001d66d61eaac: 0048 bb00 | 0000 0000 

  0x000001d66d61eab4: ;   {runtime_call}
  0x000001d66d61eab4: 0000 00e9 | fbff ffff 
[Exception Handler]
  0x000001d66d61eabc: ;   {runtime_call handle_exception_from_callee Runtime1 stub}
  0x000001d66d61eabc: e83f 6454 

  0x000001d66d61eac0: ;   {external_word}
  0x000001d66d61eac0: 0748 b9b0 | 3374 9ff9 | 7f00 0048 

  0x000001d66d61eacc: ;   {runtime_call}
  0x000001d66d61eacc: 83e4 f048 | b860 1d40 | 9ff9 7f00 | 00ff d0f4 
[Deopt Handler Code]
  0x000001d66d61eadc: ;   {section_word}
  0x000001d66d61eadc: 49ba dcea | 616d d601 | 0000 4152 

  0x000001d66d61eae8: ;   {runtime_call DeoptimizationBlob}
  0x000001d66d61eae8: e933 b548 

  0x000001d66d61eaec: ;   {static_stub}
  0x000001d66d61eaec: 0748 bb00 | 0000 0000 

  0x000001d66d61eaf4: ;   {runtime_call}
  0x000001d66d61eaf4: 0000 00e9 | fbff ffff 

  0x000001d66d61eafc: ;   {static_stub}
  0x000001d66d61eafc: 48bb 0000 | 0000 0000 

  0x000001d66d61eb04: ;   {runtime_call}
  0x000001d66d61eb04: 0000 e9fb 

  0x000001d66d61eb08: ;   {static_stub}
  0x000001d66d61eb08: ffff ff48 | bb00 0000 | 0000 0000 

  0x000001d66d61eb14: ;   {runtime_call}
  0x000001d66d61eb14: 00e9 fbff | ffff f4f4 | f4f4 f4f4 
[/MachCode]


---------------  P R O C E S S  ---------------

Threads class SMR info:
_java_thread_list=0x000001d647ca26a0, length=17, elements={
0x000001d67fea1d50, 0x000001d67fea2930, 0x000001d67fea58b0, 0x000001d67fea8670,
0x000001d67fea9fc0, 0x000001d67feaad30, 0x000001d67fead9b0, 0x000001d67fec21e0,
0x000001d647169850, 0x000001d6472641e0, 0x000001d647403aa0, 0x000001d647446c90,
0x000001d647449ca0, 0x000001d647b5a020, 0x000001d647c03a40, 0x000001d663c673f0,
0x000001d647b262d0
}

Java Threads: ( => current thread )
  0x000001d67fea1d50 JavaThread "Reference Handler" daemon [_thread_blocked, id=25452, stack(0x0000002d37d00000,0x0000002d37e00000)]
  0x000001d67fea2930 JavaThread "Finalizer" daemon [_thread_blocked, id=760, stack(0x0000002d37e00000,0x0000002d37f00000)]
  0x000001d67fea58b0 JavaThread "Signal Dispatcher" daemon [_thread_blocked, id=23252, stack(0x0000002d37f00000,0x0000002d38000000)]
  0x000001d67fea8670 JavaThread "Attach Listener" daemon [_thread_blocked, id=24152, stack(0x0000002d38000000,0x0000002d38100000)]
  0x000001d67fea9fc0 JavaThread "Service Thread" daemon [_thread_blocked, id=4396, stack(0x0000002d38100000,0x0000002d38200000)]
  0x000001d67feaad30 JavaThread "Monitor Deflation Thread" daemon [_thread_blocked, id=19864, stack(0x0000002d38200000,0x0000002d38300000)]
  0x000001d67fead9b0 JavaThread "C2 CompilerThread0" daemon [_thread_blocked, id=1688, stack(0x0000002d38300000,0x0000002d38400000)]
  0x000001d67fec21e0 JavaThread "C1 CompilerThread0" daemon [_thread_blocked, id=2360, stack(0x0000002d38400000,0x0000002d38500000)]
  0x000001d647169850 JavaThread "Common-Cleaner" daemon [_thread_blocked, id=21276, stack(0x0000002d38500000,0x0000002d38600000)]
  0x000001d6472641e0 JavaThread "Notification Thread" daemon [_thread_blocked, id=15368, stack(0x0000002d38600000,0x0000002d38700000)]
  0x000001d647403aa0 JavaThread "Java2D Disposer" daemon [_thread_blocked, id=20848, stack(0x0000002d38800000,0x0000002d38900000)]
  0x000001d647446c90 JavaThread "AWT-Shutdown" [_thread_blocked, id=5800, stack(0x0000002d38900000,0x0000002d38a00000)]
  0x000001d647449ca0 JavaThread "AWT-Windows" daemon [_thread_in_native, id=14508, stack(0x0000002d38a00000,0x0000002d38b00000)]
  0x000001d647b5a020 JavaThread "Image Fetcher 0" daemon [_thread_blocked, id=3236, stack(0x0000002d39500000,0x0000002d39600000)]
=>0x000001d647c03a40 JavaThread "AWT-EventQueue-0" [_thread_in_vm, id=24876, stack(0x0000002d39700000,0x0000002d39800000)]
  0x000001d663c673f0 JavaThread "DestroyJavaVM" [_thread_blocked, id=25876, stack(0x0000002d37600000,0x0000002d37700000)]
  0x000001d647b262d0 JavaThread "D3D Screen Updater" daemon [_thread_blocked, id=22028, stack(0x0000002d39800000,0x0000002d39900000)]

Other Threads:
  0x000001d67fe811f0 VMThread "VM Thread" [stack: 0x0000002d37c00000,0x0000002d37d00000] [id=25028]
  0x000001d647271590 WatcherThread "VM Periodic Task Thread" [stack: 0x0000002d38700000,0x0000002d38800000] [id=15924]
  0x000001d663cb9e30 WorkerThread "GC Thread#0" [stack: 0x0000002d37700000,0x0000002d37800000] [id=8348]
  0x000001d663cc6980 ConcurrentGCThread "G1 Main Marker" [stack: 0x0000002d37800000,0x0000002d37900000] [id=14292]
  0x000001d663cc7550 WorkerThread "G1 Conc#0" [stack: 0x0000002d37900000,0x0000002d37a00000] [id=25676]
  0x000001d663d2df60 ConcurrentGCThread "G1 Refine#0" [stack: 0x0000002d37a00000,0x0000002d37b00000] [id=13524]
  0x000001d663d2ea00 ConcurrentGCThread "G1 Service" [stack: 0x0000002d37b00000,0x0000002d37c00000] [id=22600]

Threads with active compile tasks:

VM state: not at safepoint (normal execution)

VM Mutex/Monitor currently owned by a thread:  ([mutex/lock_event])
[0x000001d663c61620] Metaspace_lock - owner thread: 0x000001d647c03a40

Heap address: 0x00000000a2200000, size: 1502 MB, Compressed Oops mode: 32-bit

CDS archive(s) mapped at: [0x000001d602000000-0x000001d602c60000-0x000001d602c60000), size 12976128, SharedBaseAddress: 0x000001d602000000, ArchiveRelocationMode: 1.
Compressed class space mapped at: 0x000001d603000000-0x000001d643000000, reserved size: 1073741824
Narrow klass base: 0x000001d602000000, Narrow klass shift: 0, Narrow klass range: 0x100000000

GC Precious Log:
 CardTable entry size: 512
 Card Set container configuration: InlinePtr #cards 5 size 8 Array Of Cards #cards 12 size 40 Howl #buckets 4 coarsen threshold 1843 Howl Bitmap #cards 512 size 80 coarsen threshold 460 Card regions per heap region 1 cards per card region 2048
 CPUs: 12 total, 12 available
 Memory: 6005M
 Large Page Support: Disabled
 NUMA Support: Disabled
 Compressed Oops: Enabled (32-bit)
 Heap Region Size: 1M
 Heap Min Capacity: 8M
 Heap Initial Capacity: 94M
 Heap Max Capacity: 1502M
 Pre-touch: Disabled
 Parallel Workers: 10
 Concurrent Workers: 3
 Concurrent Refinement Workers: 10
 Periodic GC: Disabled

Heap:
 garbage-first heap   total 96256K, used 20480K [0x00000000a2200000, 0x0000000100000000)
  region size 1024K, 12 young (12288K), 0 survivors (0K)
 Metaspace       used 7055K, committed 7232K, reserved 1114112K
  class space    used 773K, committed 896K, reserved 1048576K

Heap Regions: E=young(eden), S=young(survivor), O=old, HS=humongous(starts), HC=humongous(continues), CS=collection set, F=free, OA=open archive, CA=closed archive, TAMS=top-at-mark-start, PB=parsable bottom
|   0|0x00000000a2200000, 0x00000000a2300000, 0x00000000a2300000|100%|HS|  |TAMS 0x00000000a2200000| PB 0x00000000a2200000| Complete 
|   1|0x00000000a2300000, 0x00000000a2400000, 0x00000000a2400000|100%|HS|  |TAMS 0x00000000a2300000| PB 0x00000000a2300000| Complete 
|   2|0x00000000a2400000, 0x00000000a2500000, 0x00000000a2500000|100%|HS|  |TAMS 0x00000000a2400000| PB 0x00000000a2400000| Complete 
|   3|0x00000000a2500000, 0x00000000a2600000, 0x00000000a2600000|100%|HS|  |TAMS 0x00000000a2500000| PB 0x00000000a2500000| Complete 
|   4|0x00000000a2600000, 0x00000000a2700000, 0x00000000a2700000|100%|HC|  |TAMS 0x00000000a2600000| PB 0x00000000a2600000| Complete 
|   5|0x00000000a2700000, 0x00000000a2800000, 0x00000000a2800000|100%|HC|  |TAMS 0x00000000a2700000| PB 0x00000000a2700000| Complete 
|   6|0x00000000a2800000, 0x00000000a2900000, 0x00000000a2900000|100%|HC|  |TAMS 0x00000000a2800000| PB 0x00000000a2800000| Complete 
|   7|0x00000000a2900000, 0x00000000a2a00000, 0x00000000a2a00000|100%|HC|  |TAMS 0x00000000a2900000| PB 0x00000000a2900000| Complete 
|   8|0x00000000a2a00000, 0x00000000a2b00000, 0x00000000a2b00000|100%|HC|  |TAMS 0x00000000a2a00000| PB 0x00000000a2a00000| Complete 
|   9|0x00000000a2b00000, 0x00000000a2b00000, 0x00000000a2c00000|  0%| F|  |TAMS 0x00000000a2b00000| PB 0x00000000a2b00000| Untracked 
|  10|0x00000000a2c00000, 0x00000000a2c00000, 0x00000000a2d00000|  0%| F|  |TAMS 0x00000000a2c00000| PB 0x00000000a2c00000| Untracked 
|  11|0x00000000a2d00000, 0x00000000a2d00000, 0x00000000a2e00000|  0%| F|  |TAMS 0x00000000a2d00000| PB 0x00000000a2d00000| Untracked 
|  12|0x00000000a2e00000, 0x00000000a2e00000, 0x00000000a2f00000|  0%| F|  |TAMS 0x00000000a2e00000| PB 0x00000000a2e00000| Untracked 
|  13|0x00000000a2f00000, 0x00000000a2f00000, 0x00000000a3000000|  0%| F|  |TAMS 0x00000000a2f00000| PB 0x00000000a2f00000| Untracked 
|  14|0x00000000a3000000, 0x00000000a3000000, 0x00000000a3100000|  0%| F|  |TAMS 0x00000000a3000000| PB 0x00000000a3000000| Untracked 
|  15|0x00000000a3100000, 0x00000000a3100000, 0x00000000a3200000|  0%| F|  |TAMS 0x00000000a3100000| PB 0x00000000a3100000| Untracked 
|  16|0x00000000a3200000, 0x00000000a3200000, 0x00000000a3300000|  0%| F|  |TAMS 0x00000000a3200000| PB 0x00000000a3200000| Untracked 
|  17|0x00000000a3300000, 0x00000000a3300000, 0x00000000a3400000|  0%| F|  |TAMS 0x00000000a3300000| PB 0x00000000a3300000| Untracked 
|  18|0x00000000a3400000, 0x00000000a3400000, 0x00000000a3500000|  0%| F|  |TAMS 0x00000000a3400000| PB 0x00000000a3400000| Untracked 
|  19|0x00000000a3500000, 0x00000000a3500000, 0x00000000a3600000|  0%| F|  |TAMS 0x00000000a3500000| PB 0x00000000a3500000| Untracked 
|  20|0x00000000a3600000, 0x00000000a3600000, 0x00000000a3700000|  0%| F|  |TAMS 0x00000000a3600000| PB 0x00000000a3600000| Untracked 
|  21|0x00000000a3700000, 0x00000000a3700000, 0x00000000a3800000|  0%| F|  |TAMS 0x00000000a3700000| PB 0x00000000a3700000| Untracked 
|  22|0x00000000a3800000, 0x00000000a3800000, 0x00000000a3900000|  0%| F|  |TAMS 0x00000000a3800000| PB 0x00000000a3800000| Untracked 
|  23|0x00000000a3900000, 0x00000000a3900000, 0x00000000a3a00000|  0%| F|  |TAMS 0x00000000a3900000| PB 0x00000000a3900000| Untracked 
|  24|0x00000000a3a00000, 0x00000000a3a00000, 0x00000000a3b00000|  0%| F|  |TAMS 0x00000000a3a00000| PB 0x00000000a3a00000| Untracked 
|  25|0x00000000a3b00000, 0x00000000a3b00000, 0x00000000a3c00000|  0%| F|  |TAMS 0x00000000a3b00000| PB 0x00000000a3b00000| Untracked 
|  26|0x00000000a3c00000, 0x00000000a3c00000, 0x00000000a3d00000|  0%| F|  |TAMS 0x00000000a3c00000| PB 0x00000000a3c00000| Untracked 
|  27|0x00000000a3d00000, 0x00000000a3d00000, 0x00000000a3e00000|  0%| F|  |TAMS 0x00000000a3d00000| PB 0x00000000a3d00000| Untracked 
|  28|0x00000000a3e00000, 0x00000000a3e00000, 0x00000000a3f00000|  0%| F|  |TAMS 0x00000000a3e00000| PB 0x00000000a3e00000| Untracked 
|  29|0x00000000a3f00000, 0x00000000a3f00000, 0x00000000a4000000|  0%| F|  |TAMS 0x00000000a3f00000| PB 0x00000000a3f00000| Untracked 
|  30|0x00000000a4000000, 0x00000000a4000000, 0x00000000a4100000|  0%| F|  |TAMS 0x00000000a4000000| PB 0x00000000a4000000| Untracked 
|  31|0x00000000a4100000, 0x00000000a4100000, 0x00000000a4200000|  0%| F|  |TAMS 0x00000000a4100000| PB 0x00000000a4100000| Untracked 
|  32|0x00000000a4200000, 0x00000000a4200000, 0x00000000a4300000|  0%| F|  |TAMS 0x00000000a4200000| PB 0x00000000a4200000| Untracked 
|  33|0x00000000a4300000, 0x00000000a4300000, 0x00000000a4400000|  0%| F|  |TAMS 0x00000000a4300000| PB 0x00000000a4300000| Untracked 
|  34|0x00000000a4400000, 0x00000000a4400000, 0x00000000a4500000|  0%| F|  |TAMS 0x00000000a4400000| PB 0x00000000a4400000| Untracked 
|  35|0x00000000a4500000, 0x00000000a4500000, 0x00000000a4600000|  0%| F|  |TAMS 0x00000000a4500000| PB 0x00000000a4500000| Untracked 
|  36|0x00000000a4600000, 0x00000000a4600000, 0x00000000a4700000|  0%| F|  |TAMS 0x00000000a4600000| PB 0x00000000a4600000| Untracked 
|  37|0x00000000a4700000, 0x00000000a4700000, 0x00000000a4800000|  0%| F|  |TAMS 0x00000000a4700000| PB 0x00000000a4700000| Untracked 
|  38|0x00000000a4800000, 0x00000000a4800000, 0x00000000a4900000|  0%| F|  |TAMS 0x00000000a4800000| PB 0x00000000a4800000| Untracked 
|  39|0x00000000a4900000, 0x00000000a4900000, 0x00000000a4a00000|  0%| F|  |TAMS 0x00000000a4900000| PB 0x00000000a4900000| Untracked 
|  40|0x00000000a4a00000, 0x00000000a4a00000, 0x00000000a4b00000|  0%| F|  |TAMS 0x00000000a4a00000| PB 0x00000000a4a00000| Untracked 
|  41|0x00000000a4b00000, 0x00000000a4b00000, 0x00000000a4c00000|  0%| F|  |TAMS 0x00000000a4b00000| PB 0x00000000a4b00000| Untracked 
|  42|0x00000000a4c00000, 0x00000000a4c00000, 0x00000000a4d00000|  0%| F|  |TAMS 0x00000000a4c00000| PB 0x00000000a4c00000| Untracked 
|  43|0x00000000a4d00000, 0x00000000a4d00000, 0x00000000a4e00000|  0%| F|  |TAMS 0x00000000a4d00000| PB 0x00000000a4d00000| Untracked 
|  44|0x00000000a4e00000, 0x00000000a4e00000, 0x00000000a4f00000|  0%| F|  |TAMS 0x00000000a4e00000| PB 0x00000000a4e00000| Untracked 
|  45|0x00000000a4f00000, 0x00000000a4f00000, 0x00000000a5000000|  0%| F|  |TAMS 0x00000000a4f00000| PB 0x00000000a4f00000| Untracked 
|  46|0x00000000a5000000, 0x00000000a5000000, 0x00000000a5100000|  0%| F|  |TAMS 0x00000000a5000000| PB 0x00000000a5000000| Untracked 
|  47|0x00000000a5100000, 0x00000000a5100000, 0x00000000a5200000|  0%| F|  |TAMS 0x00000000a5100000| PB 0x00000000a5100000| Untracked 
|  48|0x00000000a5200000, 0x00000000a5200000, 0x00000000a5300000|  0%| F|  |TAMS 0x00000000a5200000| PB 0x00000000a5200000| Untracked 
|  49|0x00000000a5300000, 0x00000000a5300000, 0x00000000a5400000|  0%| F|  |TAMS 0x00000000a5300000| PB 0x00000000a5300000| Untracked 
|  50|0x00000000a5400000, 0x00000000a5400000, 0x00000000a5500000|  0%| F|  |TAMS 0x00000000a5400000| PB 0x00000000a5400000| Untracked 
|  51|0x00000000a5500000, 0x00000000a5500000, 0x00000000a5600000|  0%| F|  |TAMS 0x00000000a5500000| PB 0x00000000a5500000| Untracked 
|  52|0x00000000a5600000, 0x00000000a5600000, 0x00000000a5700000|  0%| F|  |TAMS 0x00000000a5600000| PB 0x00000000a5600000| Untracked 
|  53|0x00000000a5700000, 0x00000000a5700000, 0x00000000a5800000|  0%| F|  |TAMS 0x00000000a5700000| PB 0x00000000a5700000| Untracked 
|  54|0x00000000a5800000, 0x00000000a5800000, 0x00000000a5900000|  0%| F|  |TAMS 0x00000000a5800000| PB 0x00000000a5800000| Untracked 
|  55|0x00000000a5900000, 0x00000000a5900000, 0x00000000a5a00000|  0%| F|  |TAMS 0x00000000a5900000| PB 0x00000000a5900000| Untracked 
|  56|0x00000000a5a00000, 0x00000000a5a00000, 0x00000000a5b00000|  0%| F|  |TAMS 0x00000000a5a00000| PB 0x00000000a5a00000| Untracked 
|  57|0x00000000a5b00000, 0x00000000a5b00000, 0x00000000a5c00000|  0%| F|  |TAMS 0x00000000a5b00000| PB 0x00000000a5b00000| Untracked 
|  58|0x00000000a5c00000, 0x00000000a5c00000, 0x00000000a5d00000|  0%| F|  |TAMS 0x00000000a5c00000| PB 0x00000000a5c00000| Untracked 
|  59|0x00000000a5d00000, 0x00000000a5d00000, 0x00000000a5e00000|  0%| F|  |TAMS 0x00000000a5d00000| PB 0x00000000a5d00000| Untracked 
|  60|0x00000000a5e00000, 0x00000000a5e00000, 0x00000000a5f00000|  0%| F|  |TAMS 0x00000000a5e00000| PB 0x00000000a5e00000| Untracked 
|  61|0x00000000a5f00000, 0x00000000a5f00000, 0x00000000a6000000|  0%| F|  |TAMS 0x00000000a5f00000| PB 0x00000000a5f00000| Untracked 
|  62|0x00000000a6000000, 0x00000000a6000000, 0x00000000a6100000|  0%| F|  |TAMS 0x00000000a6000000| PB 0x00000000a6000000| Untracked 
|  63|0x00000000a6100000, 0x00000000a6100000, 0x00000000a6200000|  0%| F|  |TAMS 0x00000000a6100000| PB 0x00000000a6100000| Untracked 
|  64|0x00000000a6200000, 0x00000000a6200000, 0x00000000a6300000|  0%| F|  |TAMS 0x00000000a6200000| PB 0x00000000a6200000| Untracked 
|  65|0x00000000a6300000, 0x00000000a6300000, 0x00000000a6400000|  0%| F|  |TAMS 0x00000000a6300000| PB 0x00000000a6300000| Untracked 
|  66|0x00000000a6400000, 0x00000000a6400000, 0x00000000a6500000|  0%| F|  |TAMS 0x00000000a6400000| PB 0x00000000a6400000| Untracked 
|  67|0x00000000a6500000, 0x00000000a6500000, 0x00000000a6600000|  0%| F|  |TAMS 0x00000000a6500000| PB 0x00000000a6500000| Untracked 
|  68|0x00000000a6600000, 0x00000000a6600000, 0x00000000a6700000|  0%| F|  |TAMS 0x00000000a6600000| PB 0x00000000a6600000| Untracked 
|  69|0x00000000a6700000, 0x00000000a6700000, 0x00000000a6800000|  0%| F|  |TAMS 0x00000000a6700000| PB 0x00000000a6700000| Untracked 
|  70|0x00000000a6800000, 0x00000000a6800000, 0x00000000a6900000|  0%| F|  |TAMS 0x00000000a6800000| PB 0x00000000a6800000| Untracked 
|  71|0x00000000a6900000, 0x00000000a6900000, 0x00000000a6a00000|  0%| F|  |TAMS 0x00000000a6900000| PB 0x00000000a6900000| Untracked 
|  72|0x00000000a6a00000, 0x00000000a6a00000, 0x00000000a6b00000|  0%| F|  |TAMS 0x00000000a6a00000| PB 0x00000000a6a00000| Untracked 
|  73|0x00000000a6b00000, 0x00000000a6b00000, 0x00000000a6c00000|  0%| F|  |TAMS 0x00000000a6b00000| PB 0x00000000a6b00000| Untracked 
|  74|0x00000000a6c00000, 0x00000000a6c00000, 0x00000000a6d00000|  0%| F|  |TAMS 0x00000000a6c00000| PB 0x00000000a6c00000| Untracked 
|  75|0x00000000a6d00000, 0x00000000a6d00000, 0x00000000a6e00000|  0%| F|  |TAMS 0x00000000a6d00000| PB 0x00000000a6d00000| Untracked 
|  76|0x00000000a6e00000, 0x00000000a6e00000, 0x00000000a6f00000|  0%| F|  |TAMS 0x00000000a6e00000| PB 0x00000000a6e00000| Untracked 
|  77|0x00000000a6f00000, 0x00000000a6f00000, 0x00000000a7000000|  0%| F|  |TAMS 0x00000000a6f00000| PB 0x00000000a6f00000| Untracked 
|  78|0x00000000a7000000, 0x00000000a7000000, 0x00000000a7100000|  0%| F|  |TAMS 0x00000000a7000000| PB 0x00000000a7000000| Untracked 
|  79|0x00000000a7100000, 0x00000000a7100000, 0x00000000a7200000|  0%| F|  |TAMS 0x00000000a7100000| PB 0x00000000a7100000| Untracked 
|  80|0x00000000a7200000, 0x00000000a7200000, 0x00000000a7300000|  0%| F|  |TAMS 0x00000000a7200000| PB 0x00000000a7200000| Untracked 
|  81|0x00000000a7300000, 0x00000000a7300000, 0x00000000a7400000|  0%| F|  |TAMS 0x00000000a7300000| PB 0x00000000a7300000| Untracked 
|  82|0x00000000a7400000, 0x00000000a74ee478, 0x00000000a7500000| 93%| E|  |TAMS 0x00000000a7400000| PB 0x00000000a7400000| Complete 
|  83|0x00000000a7500000, 0x00000000a7600000, 0x00000000a7600000|100%| E|CS|TAMS 0x00000000a7500000| PB 0x00000000a7500000| Complete 
|  84|0x00000000a7600000, 0x00000000a7700000, 0x00000000a7700000|100%| E|CS|TAMS 0x00000000a7600000| PB 0x00000000a7600000| Complete 
|  85|0x00000000a7700000, 0x00000000a7800000, 0x00000000a7800000|100%| E|CS|TAMS 0x00000000a7700000| PB 0x00000000a7700000| Complete 
|  86|0x00000000a7800000, 0x00000000a7900000, 0x00000000a7900000|100%| E|CS|TAMS 0x00000000a7800000| PB 0x00000000a7800000| Complete 
|  87|0x00000000a7900000, 0x00000000a7a00000, 0x00000000a7a00000|100%| E|CS|TAMS 0x00000000a7900000| PB 0x00000000a7900000| Complete 
|  88|0x00000000a7a00000, 0x00000000a7b00000, 0x00000000a7b00000|100%| E|CS|TAMS 0x00000000a7a00000| PB 0x00000000a7a00000| Complete 
|  89|0x00000000a7b00000, 0x00000000a7c00000, 0x00000000a7c00000|100%| E|CS|TAMS 0x00000000a7b00000| PB 0x00000000a7b00000| Complete 
|  90|0x00000000a7c00000, 0x00000000a7d00000, 0x00000000a7d00000|100%| E|CS|TAMS 0x00000000a7c00000| PB 0x00000000a7c00000| Complete 
|  91|0x00000000a7d00000, 0x00000000a7e00000, 0x00000000a7e00000|100%| E|CS|TAMS 0x00000000a7d00000| PB 0x00000000a7d00000| Complete 
|  92|0x00000000a7e00000, 0x00000000a7f00000, 0x00000000a7f00000|100%| E|CS|TAMS 0x00000000a7e00000| PB 0x00000000a7e00000| Complete 
|  93|0x00000000a7f00000, 0x00000000a8000000, 0x00000000a8000000|100%| E|CS|TAMS 0x00000000a7f00000| PB 0x00000000a7f00000| Complete 

Card table byte_map: [0x000001d67d4b0000,0x000001d67d7a0000] _byte_map_base: 0x000001d67cf9f000

Marking Bits: (CMBitMap*) 0x000001d663cba460
 Bits: [0x000001d67da90000, 0x000001d67f208000)

Polling page: 0x000001d663d30000

Metaspace:

Usage:
  Non-class:      6.13 MB used.
      Class:    773.55 KB used.
       Both:      6.89 MB used.

Virtual space:
  Non-class space:       64.00 MB reserved,       6.19 MB ( 10%) committed,  1 nodes.
      Class space:        1.00 GB reserved,     896.00 KB ( <1%) committed,  1 nodes.
             Both:        1.06 GB reserved,       7.06 MB ( <1%) committed. 

Chunk freelists:
   Non-Class:  1.00 MB
       Class:  3.11 MB
        Both:  4.11 MB

MaxMetaspaceSize: unlimited
CompressedClassSpaceSize: 1.00 GB
Initial GC threshold: 21.00 MB
Current GC threshold: 21.00 MB
CDS: on
MetaspaceReclaimPolicy: balanced
 - commit_granule_bytes: 65536.
 - commit_granule_words: 8192.
 - virtual_space_node_default_size: 8388608.
 - enlarge_chunks_in_place: 1.
 - new_chunks_are_fully_committed: 0.
 - uncommit_free_chunks: 1.
 - use_allocation_guard: 0.


Internal statistics:

num_allocs_failed_limit: 0.
num_arena_births: 152.
num_arena_deaths: 0.
num_vsnodes_births: 2.
num_vsnodes_deaths: 0.
num_space_committed: 113.
num_space_uncommitted: 0.
num_chunks_returned_to_freelist: 0.
num_chunks_taken_from_freelist: 192.
num_chunk_merges: 0.
num_chunk_splits: 111.
num_chunks_enlarged: 43.
num_inconsistent_stats: 0.

CodeHeap 'non-profiled nmethods': size=120000Kb used=299Kb max_used=299Kb free=119700Kb
 bounds [0x000001d674fe0000, 0x000001d675250000, 0x000001d67c510000]
CodeHeap 'profiled nmethods': size=120000Kb used=1411Kb max_used=1411Kb free=118588Kb
 bounds [0x000001d66d510000, 0x000001d66d780000, 0x000001d674a40000]
CodeHeap 'non-nmethods': size=5760Kb used=1615Kb max_used=1629Kb free=4144Kb
 bounds [0x000001d674a40000, 0x000001d674cb0000, 0x000001d674fe0000]
 total_blobs=1566 nmethods=943 adapters=534
 compilation: enabled
              stopped_count=0, restarted_count=0
 full_count=0

Compilation events (20 events):
Event: 1.232 Thread 0x000001d67fec21e0  935       1       java.awt.Color::getRGB (5 bytes)
Event: 1.233 Thread 0x000001d67fec21e0 nmethod 935 0x000001d67502a510 code [0x000001d67502a680, 0x000001d67502a748]
Event: 1.233 Thread 0x000001d67fec21e0  936  s    1       java.util.Vector::size (5 bytes)
Event: 1.233 Thread 0x000001d67fec21e0 nmethod 936 0x000001d67502a810 code [0x000001d67502a9a0, 0x000001d67502ab28]
Event: 1.300 Thread 0x000001d67fec21e0  937       3       java.lang.invoke.MethodType::dropParameterTypes (162 bytes)
Event: 1.301 Thread 0x000001d67fec21e0 nmethod 937 0x000001d66d66ce90 code [0x000001d66d66d160, 0x000001d66d66e028]
Event: 1.301 Thread 0x000001d67fec21e0  938       3       java.lang.StringConcatHelper::newArray (40 bytes)
Event: 1.301 Thread 0x000001d67fec21e0 nmethod 938 0x000001d66d66e510 code [0x000001d66d66e6c0, 0x000001d66d66e9e0]
Event: 1.311 Thread 0x000001d67fec21e0  939       3       jdk.internal.logger.LazyLoggers$LazyLoggerWrapper::platformProxy (10 bytes)
Event: 1.311 Thread 0x000001d67fec21e0 nmethod 939 0x000001d66d66eb10 code [0x000001d66d66eca0, 0x000001d66d66ee30]
Event: 1.311 Thread 0x000001d67fec21e0  940   !   3       jdk.internal.logger.LazyLoggers$LazyLoggerAccessor::platform (103 bytes)
Event: 1.312 Thread 0x000001d67fec21e0 nmethod 940 0x000001d66d66ef10 code [0x000001d66d66f140, 0x000001d66d66fe40]
Event: 1.312 Thread 0x000001d67fec21e0  941       3       jdk.internal.logger.SimpleConsoleLogger::isLoggable (29 bytes)
Event: 1.312 Thread 0x000001d67fec21e0 nmethod 941 0x000001d66d670190 code [0x000001d66d670340, 0x000001d66d670690]
Event: 1.312 Thread 0x000001d67fec21e0  942       3       jdk.internal.logger.SimpleConsoleLogger::effectiveLevel (17 bytes)
Event: 1.313 Thread 0x000001d67fec21e0 nmethod 942 0x000001d66d670790 code [0x000001d66d670920, 0x000001d66d670b50]
Event: 1.313 Thread 0x000001d67fec21e0  943       3       jdk.internal.logger.SurrogateLogger::defaultPlatformLevel (4 bytes)
Event: 1.313 Thread 0x000001d67fec21e0 nmethod 943 0x000001d66d670c10 code [0x000001d66d670da0, 0x000001d66d670eb8]
Event: 1.315 Thread 0x000001d67fec21e0  944       1       java.awt.AWTEvent::getID (5 bytes)
Event: 1.315 Thread 0x000001d67fec21e0 nmethod 944 0x000001d67502ab90 code [0x000001d67502ad00, 0x000001d67502adc8]

GC Heap History (0 events):
No events

Dll operation events (10 events):
Event: 0.013 Loaded shared library C:\Program Files\Java\jdk-20\bin\java.dll
Event: 0.044 Loaded shared library C:\Program Files\Java\jdk-20\bin\jsvml.dll
Event: 0.129 Loaded shared library C:\Program Files\Java\jdk-20\bin\net.dll
Event: 0.133 Loaded shared library C:\Program Files\Java\jdk-20\bin\nio.dll
Event: 0.178 Loaded shared library C:\Program Files\Java\jdk-20\bin\zip.dll
Event: 0.206 Loaded shared library C:\Program Files\Java\jdk-20\bin\jimage.dll
Event: 0.237 Loaded shared library C:\Program Files\Java\jdk-20\bin\awt.dll
Event: 0.767 Loaded shared library C:\Program Files\Java\jdk-20\bin\javajpeg.dll
Event: 0.981 Loaded shared library C:\Program Files\Java\jdk-20\bin\freetype.dll
Event: 0.982 Loaded shared library C:\Program Files\Java\jdk-20\bin\fontmanager.dll

Deoptimization events (20 events):
Event: 1.141 Thread 0x000001d647c03a40 Uncommon trap: trap_request=0xffffffc6 fr.pc=0x000001d675022160 relative=0x0000000000000320
Event: 1.141 Thread 0x000001d647c03a40 Uncommon trap: reason=bimorphic_or_optimized_type_check action=maybe_recompile pc=0x000001d675022160 method=java.util.HashMap.getNode(Ljava/lang/Object;)Ljava/util/HashMap$Node; @ 63 c2
Event: 1.141 Thread 0x000001d647c03a40 DEOPT PACKING pc=0x000001d675022160 sp=0x0000002d397fd790
Event: 1.141 Thread 0x000001d647c03a40 DEOPT UNPACKING pc=0x000001d674aa9d22 sp=0x0000002d397fd6f8 mode 2
Event: 1.146 Thread 0x000001d647c03a40 Uncommon trap: trap_request=0xffffffc6 fr.pc=0x000001d675022160 relative=0x0000000000000320
Event: 1.146 Thread 0x000001d647c03a40 Uncommon trap: reason=bimorphic_or_optimized_type_check action=maybe_recompile pc=0x000001d675022160 method=java.util.HashMap.getNode(Ljava/lang/Object;)Ljava/util/HashMap$Node; @ 63 c2
Event: 1.146 Thread 0x000001d647c03a40 DEOPT PACKING pc=0x000001d675022160 sp=0x0000002d397fd680
Event: 1.146 Thread 0x000001d647c03a40 DEOPT UNPACKING pc=0x000001d674aa9d22 sp=0x0000002d397fd5e8 mode 2
Event: 1.149 Thread 0x000001d647c03a40 Uncommon trap: trap_request=0xffffffc6 fr.pc=0x000001d675022160 relative=0x0000000000000320
Event: 1.149 Thread 0x000001d647c03a40 Uncommon trap: reason=bimorphic_or_optimized_type_check action=maybe_recompile pc=0x000001d675022160 method=java.util.HashMap.getNode(Ljava/lang/Object;)Ljava/util/HashMap$Node; @ 63 c2
Event: 1.149 Thread 0x000001d647c03a40 DEOPT PACKING pc=0x000001d675022160 sp=0x0000002d397fd610
Event: 1.149 Thread 0x000001d647c03a40 DEOPT UNPACKING pc=0x000001d674aa9d22 sp=0x0000002d397fd578 mode 2
Event: 1.232 Thread 0x000001d647c03a40 Uncommon trap: trap_request=0xffffffc6 fr.pc=0x000001d675022160 relative=0x0000000000000320
Event: 1.232 Thread 0x000001d647c03a40 Uncommon trap: reason=bimorphic_or_optimized_type_check action=maybe_recompile pc=0x000001d675022160 method=java.util.HashMap.getNode(Ljava/lang/Object;)Ljava/util/HashMap$Node; @ 63 c2
Event: 1.232 Thread 0x000001d647c03a40 DEOPT PACKING pc=0x000001d675022160 sp=0x0000002d397fd800
Event: 1.232 Thread 0x000001d647c03a40 DEOPT UNPACKING pc=0x000001d674aa9d22 sp=0x0000002d397fd768 mode 2
Event: 1.311 Thread 0x000001d647c03a40 Uncommon trap: trap_request=0xffffff45 fr.pc=0x000001d675007328 relative=0x00000000000000a8
Event: 1.311 Thread 0x000001d647c03a40 Uncommon trap: reason=unstable_if action=reinterpret pc=0x000001d675007328 method=java.util.HashMap.hash(Ljava/lang/Object;)I @ 1 c2
Event: 1.311 Thread 0x000001d647c03a40 DEOPT PACKING pc=0x000001d675007328 sp=0x0000002d397fd7d0
Event: 1.311 Thread 0x000001d647c03a40 DEOPT UNPACKING pc=0x000001d674aa9d22 sp=0x0000002d397fd768 mode 2

Classes loaded (20 events):
Event: 1.312 Loading class sun/awt/KeyboardFocusManagerPeerImpl$KfmAccessor done
Event: 1.313 Loading class java/awt/KeyboardFocusManager$HeavyweightFocusRequest
Event: 1.313 Loading class java/awt/KeyboardFocusManager$HeavyweightFocusRequest done
Event: 1.313 Loading class java/awt/DefaultKeyboardFocusManager$TypeAheadMarker
Event: 1.313 Loading class java/awt/DefaultKeyboardFocusManager$TypeAheadMarker done
Event: 1.313 Loading class java/awt/KeyboardFocusManager$LightweightFocusRequest
Event: 1.313 Loading class java/awt/KeyboardFocusManager$LightweightFocusRequest done
Event: 1.315 Loading class java/awt/Container$MouseEventTargetFilter
Event: 1.315 Loading class java/awt/Container$EventTargetFilter
Event: 1.315 Loading class java/awt/Container$EventTargetFilter done
Event: 1.315 Loading class java/awt/Container$MouseEventTargetFilter done
Event: 1.315 Loading class java/awt/LightweightDispatcher$1
Event: 1.315 Loading class java/awt/LightweightDispatcher$1 done
Event: 1.315 Loading class java/awt/event/AWTEventListenerProxy
Event: 1.316 Loading class java/awt/event/AWTEventListenerProxy done
Event: 1.316 Loading class java/awt/Toolkit$SelectiveAWTEventListener
Event: 1.316 Loading class java/awt/Toolkit$SelectiveAWTEventListener done
Event: 1.316 Loading class java/awt/Toolkit$ToolkitEventMulticaster
Event: 1.316 Loading class java/awt/Toolkit$ToolkitEventMulticaster done
Event: 1.316 Loading class java/awt/im/InputContext

Classes unloaded (0 events):
No events

Classes redefined (0 events):
No events

Internal exceptions (16 events):
Event: 0.135 Thread 0x000001d663c673f0 Exception <a 'sun/nio/fs/WindowsException'{0x00000000a7e43b68}> (0x00000000a7e43b68) 
thrown [s\open\src\hotspot\share\prims\jni.cpp, line 519]
Event: 0.139 Thread 0x000001d663c673f0 Exception <a 'sun/nio/fs/WindowsException'{0x00000000a7e45f50}> (0x00000000a7e45f50) 
thrown [s\open\src\hotspot\share\prims\jni.cpp, line 519]
Event: 0.140 Thread 0x000001d663c673f0 Exception <a 'sun/nio/fs/WindowsException'{0x00000000a7e469e8}> (0x00000000a7e469e8) 
thrown [s\open\src\hotspot\share\prims\jni.cpp, line 519]
Event: 0.216 Thread 0x000001d663c673f0 Exception <a 'java/lang/ClassNotFoundException'{0x00000000a7d93908}: sun/awt/resources/spi/awtProvider> (0x00000000a7d93908) 
thrown [s\open\src\hotspot\share\classfile\systemDictionary.cpp, line 305]
Event: 0.275 Thread 0x000001d663c673f0 Exception <a 'java/io/FileNotFoundException'{0x00000000a7deae00}> (0x00000000a7deae00) 
thrown [s\open\src\hotspot\share\prims\jni.cpp, line 519]
Event: 0.294 Thread 0x000001d663c673f0 Exception <a 'java/io/FileNotFoundException'{0x00000000a7c15748}> (0x00000000a7c15748) 
thrown [s\open\src\hotspot\share\prims\jni.cpp, line 519]
Event: 0.569 Thread 0x000001d663c673f0 Exception <a 'java/lang/NoSuchMethodError'{0x00000000a7b34a48}: 'void java.lang.invoke.DirectMethodHandle$Holder.invokeSpecial(java.lang.Object, java.lang.Object, java.lang.Object)'> (0x00000000a7b34a48) 
thrown [s\open\src\hotspot\share\interpreter\linkResolver.cpp, line 773]
Event: 0.586 Thread 0x000001d663c673f0 Exception <a 'java/lang/NoSuchMethodError'{0x00000000a7b5f1c8}: 'java.lang.Object java.lang.invoke.DirectMethodHandle$Holder.newInvokeSpecial(java.lang.Object, java.lang.Object, java.lang.Object, java.lang.Object, java.lang.Object)'> (0x00000000a7b5f1c8) 
thrown [s\open\src\hotspot\share\interpreter\linkResolver.cpp, line 773]
Event: 0.600 Thread 0x000001d663c673f0 Exception <a 'java/lang/NoSuchMethodError'{0x00000000a7b8fd28}: 'java.lang.Object java.lang.invoke.DirectMethodHandle$Holder.invokeStatic(java.lang.Object, int, java.lang.Object)'> (0x00000000a7b8fd28) 
thrown [s\open\src\hotspot\share\interpreter\linkResolver.cpp, line 773]
Event: 0.652 Thread 0x000001d663c673f0 Exception <a 'java/lang/ClassNotFoundException'{0x00000000a7a4b448}: com/sun/swing/internal/plaf/metal/resources/spi/metalProvider> (0x00000000a7a4b448) 
thrown [s\open\src\hotspot\share\classfile\systemDictionary.cpp, line 305]
Event: 0.654 Thread 0x000001d663c673f0 Exception <a 'java/lang/ClassNotFoundException'{0x00000000a7a50540}: com/sun/swing/internal/plaf/basic/resources/spi/basicProvider> (0x00000000a7a50540) 
thrown [s\open\src\hotspot\share\classfile\systemDictionary.cpp, line 305]
Event: 0.668 Thread 0x000001d663c673f0 Exception <a 'java/lang/NoSuchMethodError'{0x00000000a7a708a0}: 'int java.lang.invoke.Invokers$Holder.invokeExact_MT(java.lang.Object, java.lang.Object)'> (0x00000000a7a708a0) 
thrown [s\open\src\hotspot\share\interpreter\linkResolver.cpp, line 773]
Event: 0.769 Thread 0x000001d647b5a020 Exception <a 'java/lang/NoSuchMethodError'{0x00000000a788c6c0}: 'java.lang.Object java.lang.invoke.DirectMethodHandle$Holder.newInvokeSpecial(java.lang.Object, java.lang.Object, java.lang.Object, int, int, int, int, int)'> (0x00000000a788c6c0) 
thrown [s\open\src\hotspot\share\interpreter\linkResolver.cpp, line 773]
Event: 0.952 Thread 0x000001d647449ca0 Exception <a 'java/lang/NoSuchMethodError'{0x00000000a7cfbec8}: 'void java.lang.invoke.DirectMethodHandle$Holder.invokeVirtual(java.lang.Object, java.lang.Object)'> (0x00000000a7cfbec8) 
thrown [s\open\src\hotspot\share\interpreter\linkResolver.cpp, line 773]
Event: 0.975 Thread 0x000001d663c673f0 Exception <a 'java/lang/NoSuchMethodError'{0x00000000a7aa3d28}: 'void java.lang.invoke.DirectMethodHandle$Holder.invokeStaticInit(java.lang.Object)'> (0x00000000a7aa3d28) 
thrown [s\open\src\hotspot\share\interpreter\linkResolver.cpp, line 773]
Event: 1.311 Thread 0x000001d647c03a40 Implicit null exception at 0x000001d67500729d to 0x000001d675007319

VM Operations (6 events):
Event: 0.141 Executing VM operation: HandshakeAllThreads
Event: 0.141 Executing VM operation: HandshakeAllThreads done
Event: 0.746 Executing VM operation: HandshakeAllThreads
Event: 0.746 Executing VM operation: HandshakeAllThreads done
Event: 0.930 Executing VM operation: HandshakeAllThreads
Event: 0.930 Executing VM operation: HandshakeAllThreads done

Events (20 events):
Event: 0.064 Thread 0x000001d67fea1d50 Thread added: 0x000001d67fea1d50
Event: 0.065 Thread 0x000001d67fea2930 Thread added: 0x000001d67fea2930
Event: 0.065 Thread 0x000001d67fea58b0 Thread added: 0x000001d67fea58b0
Event: 0.065 Thread 0x000001d67fea8670 Thread added: 0x000001d67fea8670
Event: 0.065 Thread 0x000001d67fea9fc0 Thread added: 0x000001d67fea9fc0
Event: 0.066 Thread 0x000001d67feaad30 Thread added: 0x000001d67feaad30
Event: 0.066 Thread 0x000001d67fead9b0 Thread added: 0x000001d67fead9b0
Event: 0.066 Thread 0x000001d67fec21e0 Thread added: 0x000001d67fec21e0
Event: 0.107 Thread 0x000001d647169850 Thread added: 0x000001d647169850
Event: 0.164 Thread 0x000001d6472641e0 Thread added: 0x000001d6472641e0
Event: 0.389 Thread 0x000001d647403aa0 Thread added: 0x000001d647403aa0
Event: 0.392 Thread 0x000001d647446c90 Thread added: 0x000001d647446c90
Event: 0.396 Thread 0x000001d647449ca0 Thread added: 0x000001d647449ca0
Event: 0.679 Thread 0x000001d647b5a020 Thread added: 0x000001d647b5a020
Event: 0.735 Thread 0x000001d647b6fe40 Thread added: 0x000001d647b6fe40
Event: 0.951 Thread 0x000001d647c03a40 Thread added: 0x000001d647c03a40
Event: 1.093 Thread 0x000001d663c673f0 Thread exited: 0x000001d663c673f0
Event: 1.093 Thread 0x000001d663c673f0 Thread added: 0x000001d663c673f0
Event: 1.097 Thread 0x000001d647b262d0 Thread added: 0x000001d647b262d0
Event: 1.124 Thread 0x000001d647b6fe40 Thread exited: 0x000001d647b6fe40


Dynamic libraries:
0x00007ff6481e0000 - 0x00007ff6481f0000 	C:\Program Files\Java\jdk-20\bin\java.exe
0x00007ffa16610000 - 0x00007ffa16827000 	C:\WINDOWS\SYSTEM32\ntdll.dll
0x00007ffa15270000 - 0x00007ffa15334000 	C:\WINDOWS\System32\KERNEL32.DLL
0x00007ffa13c30000 - 0x00007ffa13fd6000 	C:\WINDOWS\System32\KERNELBASE.dll
0x00007ffa13aa0000 - 0x00007ffa13bb1000 	C:\WINDOWS\System32\ucrtbase.dll
0x00007ffa088a0000 - 0x00007ffa088b9000 	C:\Program Files\Java\jdk-20\bin\jli.dll
0x00007ffa09270000 - 0x00007ffa0928b000 	C:\Program Files\Java\jdk-20\bin\VCRUNTIME140.dll
0x00007ffa14610000 - 0x00007ffa146c1000 	C:\WINDOWS\System32\ADVAPI32.dll
0x00007ffa146d0000 - 0x00007ffa14777000 	C:\WINDOWS\System32\msvcrt.dll
0x00007ffa14fd0000 - 0x00007ffa15075000 	C:\WINDOWS\System32\sechost.dll
0x00007ffa153f0000 - 0x00007ffa15507000 	C:\WINDOWS\System32\RPCRT4.dll
0x00007ffa150c0000 - 0x00007ffa1526e000 	C:\WINDOWS\System32\USER32.dll
0x00007ffa14330000 - 0x00007ffa14356000 	C:\WINDOWS\System32\win32u.dll
0x00007ffa15db0000 - 0x00007ffa15dd9000 	C:\WINDOWS\System32\GDI32.dll
0x00007ffa02dd0000 - 0x00007ffa03063000 	C:\WINDOWS\WinSxS\amd64_microsoft.windows.common-controls_6595b64144ccf1df_6.0.22621.2506_none_270c5ae97388e100\COMCTL32.dll
0x00007ffa13980000 - 0x00007ffa13a98000 	C:\WINDOWS\System32\gdi32full.dll
0x00007ffa14290000 - 0x00007ffa1432a000 	C:\WINDOWS\System32\msvcp_win.dll
0x00007ffa0bcf0000 - 0x00007ffa0bcfa000 	C:\WINDOWS\SYSTEM32\VERSION.dll
0x00007ffa15080000 - 0x00007ffa150b1000 	C:\WINDOWS\System32\IMM32.DLL
0x00007ffa0c9d0000 - 0x00007ffa0c9dc000 	C:\Program Files\Java\jdk-20\bin\vcruntime140_1.dll
0x00007ff9ceea0000 - 0x00007ff9cef2e000 	C:\Program Files\Java\jdk-20\bin\msvcp140.dll
0x00007ff99edf0000 - 0x00007ff99fa88000 	C:\Program Files\Java\jdk-20\bin\server\jvm.dll
0x00007ffa0c190000 - 0x00007ffa0c1c4000 	C:\WINDOWS\SYSTEM32\WINMM.dll
0x00007ffa10a20000 - 0x00007ffa10a29000 	C:\WINDOWS\SYSTEM32\WSOCK32.dll
0x00007ffa15e10000 - 0x00007ffa15e81000 	C:\WINDOWS\System32\WS2_32.dll
0x00007ffa12940000 - 0x00007ffa12958000 	C:\WINDOWS\SYSTEM32\kernel.appcore.dll
0x00007ffa0c090000 - 0x00007ffa0c09a000 	C:\Program Files\Java\jdk-20\bin\jimage.dll
0x00007ffa0aeb0000 - 0x00007ffa0b0e3000 	C:\WINDOWS\SYSTEM32\DBGHELP.DLL
0x00007ffa14780000 - 0x00007ffa14b09000 	C:\WINDOWS\System32\combase.dll
0x00007ffa14d50000 - 0x00007ffa14e27000 	C:\WINDOWS\System32\OLEAUT32.dll
0x00007ffa00dd0000 - 0x00007ffa00e02000 	C:\WINDOWS\SYSTEM32\dbgcore.DLL
0x00007ffa13fe0000 - 0x00007ffa1405a000 	C:\WINDOWS\System32\bcryptPrimitives.dll
0x00007ffa080b0000 - 0x00007ffa080d6000 	C:\Program Files\Java\jdk-20\bin\java.dll
0x00007ff9d0590000 - 0x00007ff9d0667000 	C:\Program Files\Java\jdk-20\bin\jsvml.dll
0x00007ffa15550000 - 0x00007ffa15daa000 	C:\WINDOWS\System32\SHELL32.dll
0x00007ffa11850000 - 0x00007ffa12146000 	C:\WINDOWS\SYSTEM32\windows.storage.dll
0x00007ffa11710000 - 0x00007ffa1184e000 	C:\WINDOWS\SYSTEM32\wintypes.dll
0x00007ffa15e90000 - 0x00007ffa15f83000 	C:\WINDOWS\System32\SHCORE.dll
0x00007ffa14f70000 - 0x00007ffa14fce000 	C:\WINDOWS\System32\shlwapi.dll
0x00007ffa138b0000 - 0x00007ffa138d6000 	C:\WINDOWS\SYSTEM32\profapi.dll
0x00007ffa09190000 - 0x00007ffa091a3000 	C:\Program Files\Java\jdk-20\bin\net.dll
0x00007ffa0d1d0000 - 0x00007ffa0d307000 	C:\WINDOWS\SYSTEM32\WINHTTP.dll
0x00007ffa12db0000 - 0x00007ffa12e19000 	C:\WINDOWS\system32\mswsock.dll
0x00007ffa03760000 - 0x00007ffa03776000 	C:\Program Files\Java\jdk-20\bin\nio.dll
0x00007ffa03740000 - 0x00007ffa03758000 	C:\Program Files\Java\jdk-20\bin\zip.dll
0x00007ff9c04b0000 - 0x00007ff9c0641000 	C:\Program Files\Java\jdk-20\bin\awt.dll
0x00007ffa10ca0000 - 0x00007ffa10d37000 	C:\WINDOWS\SYSTEM32\apphelp.dll
0x00007ffa110c0000 - 0x00007ffa110eb000 	C:\WINDOWS\system32\DWMAPI.DLL
0x00007ffa10e30000 - 0x00007ffa10edb000 	C:\WINDOWS\system32\uxtheme.dll
0x00007ff9b5f50000 - 0x00007ff9b6050000 	C:\WINDOWS\system32\opengl32.dll
0x00007ff9b5520000 - 0x00007ff9b554d000 	C:\WINDOWS\SYSTEM32\GLU32.dll
0x00007ffa10f50000 - 0x00007ffa10f86000 	C:\WINDOWS\SYSTEM32\dxcore.dll
0x00007ffa15f90000 - 0x00007ffa160e0000 	C:\WINDOWS\System32\MSCTF.dll
0x00007ffa14470000 - 0x00007ffa14610000 	C:\WINDOWS\System32\ole32.dll
0x00007ff9b7800000 - 0x00007ff9b79a9000 	C:\WINDOWS\system32\d3d9.dll
0x00007ffa09790000 - 0x00007ffa0994b000 	C:\WINDOWS\System32\DriverStore\FileRepository\u0393179.inf_amd64_ee7135285f5a9111\B393056\aticfx64.dll
0x00007ffa08100000 - 0x00007ffa08134000 	C:\WINDOWS\System32\DriverStore\FileRepository\u0393179.inf_amd64_ee7135285f5a9111\B393056\atiu9p64.dll
0x00007ff99faf0000 - 0x00007ff9a0845000 	C:\WINDOWS\System32\DriverStore\FileRepository\u0393179.inf_amd64_ee7135285f5a9111\B393056\atiumd64.dll
0x000000006c240000 - 0x000000006d153000 	C:\WINDOWS\System32\DriverStore\FileRepository\u0393179.inf_amd64_ee7135285f5a9111\B393056\atiumd6a.dll
0x00007ffa16150000 - 0x00007ffa165c4000 	C:\WINDOWS\System32\SETUPAPI.dll
0x00007ffa13850000 - 0x00007ffa1389d000 	C:\WINDOWS\SYSTEM32\POWRPROF.dll
0x00007ffa13830000 - 0x00007ffa13843000 	C:\WINDOWS\SYSTEM32\UMPDC.dll
0x00007ffa096e0000 - 0x00007ffa09715000 	C:\WINDOWS\SYSTEM32\amdihk64.dll
0x00007ffa0dc70000 - 0x00007ffa0dcba000 	C:\WINDOWS\SYSTEM32\directxdatabasehelper.dll
0x00007ffa03810000 - 0x00007ffa0383e000 	C:\Program Files\Java\jdk-20\bin\javajpeg.dll
0x00007ff9cee10000 - 0x00007ff9cee96000 	C:\Program Files\Java\jdk-20\bin\freetype.dll
0x00007ff9c0770000 - 0x00007ff9c0843000 	C:\Program Files\Java\jdk-20\bin\fontmanager.dll
0x00007ff9f5d00000 - 0x00007ff9f5e4a000 	C:\WINDOWS\SYSTEM32\textinputframework.dll

dbghelp: loaded successfully - version: 4.0.5 - missing functions: none
symbol engine: initialized successfully - sym options: 0x614 - pdb path: .;C:\Program Files\Java\jdk-20\bin;C:\WINDOWS\SYSTEM32;C:\WINDOWS\WinSxS\amd64_microsoft.windows.common-controls_6595b64144ccf1df_6.0.22621.2506_none_270c5ae97388e100;C:\Program Files\Java\jdk-20\bin\server;C:\WINDOWS\System32\DriverStore\FileRepository\u0393179.inf_amd64_ee7135285f5a9111\B393056

VM Arguments:
jvm_args: -Dfile.encoding=UTF-8 --module-path=C:\Users\emapa\OneDrive\Documents\NetBeansProjects\HHG\build\classes 
java_command: hhg.HHG
java_class_path (initial): C:\Users\emapa\Downloads\mysql-connector-java-8.0.28.jar;C:\Users\emapa\Downloads\rs2xml.jar;C:\Users\emapa\OneDrive\Documents\NetBeansProjects\HHG\build\classes
Launcher Type: SUN_STANDARD

[Global flags]
     intx CICompilerCount                          = 4                                         {product} {ergonomic}
     uint ConcGCThreads                            = 3                                         {product} {ergonomic}
     uint G1ConcRefinementThreads                  = 10                                        {product} {ergonomic}
   size_t G1HeapRegionSize                         = 1048576                                   {product} {ergonomic}
    uintx GCDrainStackTargetSize                   = 64                                        {product} {ergonomic}
   size_t InitialHeapSize                          = 98566144                                  {product} {ergonomic}
   size_t MarkStackSize                            = 4194304                                   {product} {ergonomic}
   size_t MaxHeapSize                              = 1574961152                                {product} {ergonomic}
   size_t MaxNewSize                               = 944766976                                 {product} {ergonomic}
   size_t MinHeapDeltaBytes                        = 1048576                                   {product} {ergonomic}
   size_t MinHeapSize                              = 8388608                                   {product} {ergonomic}
    uintx NonNMethodCodeHeapSize                   = 5839372                                {pd product} {ergonomic}
    uintx NonProfiledCodeHeapSize                  = 122909434                              {pd product} {ergonomic}
    uintx ProfiledCodeHeapSize                     = 122909434                              {pd product} {ergonomic}
    uintx ReservedCodeCacheSize                    = 251658240                              {pd product} {ergonomic}
     bool SegmentedCodeCache                       = true                                      {product} {ergonomic}
   size_t SoftMaxHeapSize                          = 1574961152                             {manageable} {ergonomic}
     bool UseCompressedClassPointers               = true                           {product lp64_product} {ergonomic}
     bool UseCompressedOops                        = true                           {product lp64_product} {ergonomic}
     bool UseG1GC                                  = true                                      {product} {ergonomic}
     bool UseLargePagesIndividualAllocation        = false                                  {pd product} {ergonomic}

Logging:
Log output configuration:
 #0: stdout all=warning uptime,level,tags foldmultilines=false
 #1: stderr all=off uptime,level,tags foldmultilines=false

Environment Variables:
PATH=C:\Program Files\Common Files\Oracle\Java\javapath;C:\WINDOWS\system32;C:\WINDOWS;C:\WINDOWS\System32\Wbem;C:\WINDOWS\System32\WindowsPowerShell\v1.0\;C:\WINDOWS\System32\OpenSSH\;C:\Program Files\Microsoft SQL Server\Client SDK\ODBC\170\Tools\Binn\;C:\Program Files\Azure Data Studio\bin;C:\Program Files\MySQL\MySQL Shell 8.0\bin\;C:\Users\emapa\AppData\Local\Microsoft\WindowsApps;C:\Program Files\Azure Data Studio\bin;C:\Users\emapa\OneDrive\Desktop\flutter\bin;;C:\Users\emapa\AppData\Local\Programs\Microsoft VS Code\bin
USERNAME=emapa
OS=Windows_NT
PROCESSOR_IDENTIFIER=AMD64 Family 23 Model 104 Stepping 1, AuthenticAMD
TMP=C:\Users\emapa\AppData\Local\Temp
TEMP=C:\Users\emapa\AppData\Local\Temp




---------------  S Y S T E M  ---------------

OS:
 Windows 11 , 64 bit Build 22621 (10.0.22621.2506)
OS uptime: 1 days 2:27 hours
Hyper-V role detected

CPU: total 12 (initial active 12) (12 cores per cpu, 2 threads per core) family 23 model 104 stepping 1 microcode 0x0, cx8, cmov, fxsr, ht, mmx, 3dnowpref, sse, sse2, sse3, ssse3, sse4a, sse4.1, sse4.2, popcnt, lzcnt, tsc, tscinvbit, avx, avx2, aes, clmul, bmi1, bmi2, adx, sha, fma, vzeroupper, clflush, clflushopt, hv, rdtscp, rdpid, f16c

Memory: 4k page, system-wide physical 6005M (592M free)
TotalPageFile size 24437M (AvailPageFile size 0M)
current process WorkingSet (physical memory assigned to process): 102M, peak: 102M
current process commit charge ("private bytes"): 234M, peak: 239M

vm_info: Java HotSpot(TM) 64-Bit Server VM (20.0.2+9-78) for windows-amd64 JRE (20.0.2+9-78), built on 2023-06-14T10:08:48Z by "mach5one" with MS VC++ 17.1 (VS2022)

END.
