#
# There is insufficient memory for the Java Runtime Environment to continue.
# Native memory allocation (malloc) failed to allocate 65552 bytes for Chunk::new
# Possible reasons:
#   The system is out of physical RAM or swap space
#   The process is running with CompressedOops enabled, and the Java Heap may be blocking the growth of the native heap
# Possible solutions:
#   Reduce memory load on the system
#   Increase physical memory or swap space
#   Check if swap backing store is full
#   Decrease Java heap size (-Xmx/-Xms)
#   Decrease number of Java threads
#   Decrease Java thread stack sizes (-Xss)
#   Set larger code cache with -XX:ReservedCodeCacheSize=
#   JVM is running with Unscaled Compressed Oops mode in which the Java heap is
#     placed in the first 4GB address space. The Java Heap base address is the
#     maximum limit for the native heap growth. Please use -XX:HeapBaseMinAddress
#     to set the Java Heap base and to place the Java Heap above 4GB virtual address.
# This output file may be truncated or incomplete.
#
#  Out of Memory Error (arena.cpp:184), pid=24272, tid=24620
#
# JRE version: Java(TM) SE Runtime Environment (20.0.2+9) (build 20.0.2+9-78)
# Java VM: Java HotSpot(TM) 64-Bit Server VM (20.0.2+9-78, mixed mode, sharing, tiered, compressed oops, compressed class ptrs, g1 gc, windows-amd64)
# No core dump will be written. Minidumps are not enabled by default on client versions of Windows
#

---------------  S U M M A R Y ------------

Command Line: -Dfile.encoding=UTF-8 --module-path=C:\Users\emapa\OneDrive\Documents\NetBeansProjects\HHG\build\classes hhg.HHG

Host: AMD Ryzen 5 5500U with Radeon Graphics         , 12 cores, 5G,  Windows 11 , 64 bit Build 22621 (10.0.22621.2506)
Time: Thu Dec 21 12:59:31 2023 Central European Standard Time elapsed time: 2737.065982 seconds (0d 0h 45m 37s)

---------------  T H R E A D  ---------------

Current thread (0x00000292211d2570):  JavaThread "C2 CompilerThread0" daemon [_thread_in_native, id=24620, stack(0x000000a20a900000,0x000000a20aa00000)]


Current CompileTask:
C2:2737066 1309       4       javax.swing.JComponent::setVisible (56 bytes)

Stack: [0x000000a20a900000,0x000000a20aa00000]
Native frames: (J=compiled Java code, j=interpreted, Vv=VM code, C=native code)
V  [jvm.dll+0x6bc25a]
V  [jvm.dll+0x84971a]
V  [jvm.dll+0x84b315]
V  [jvm.dll+0x84ba13]
V  [jvm.dll+0x280e4f]
V  [jvm.dll+0xc2ab1]
V  [jvm.dll+0xc2dd5]
V  [jvm.dll+0xc2bd4]
V  [jvm.dll+0x6df4ea]
V  [jvm.dll+0x24c907]
V  [jvm.dll+0x24a819]
V  [jvm.dll+0x1ce761]
V  [jvm.dll+0x25a0eb]
V  [jvm.dll+0x2587c0]
V  [jvm.dll+0x3f2dd5]
V  [jvm.dll+0x7f5c76]
V  [jvm.dll+0x6baecb]
C  [ucrtbase.dll+0x29363]
C  [KERNEL32.DLL+0x1257d]
C  [ntdll.dll+0x5aa58]


---------------  P R O C E S S  ---------------

Threads class SMR info:
_java_thread_list=0x000002926c299e30, length=16, elements={
0x0000029204ee7de0, 0x00000292211a29a0, 0x00000292211a3580, 0x00000292211a7cc0,
0x00000292211a6cd0, 0x00000292211a5240, 0x00000292211a6230, 0x00000292211d2570,
0x00000292211d2ef0, 0x00000292211a5ce0, 0x00000292211a47a0, 0x00000292211a7220,
0x00000292211a5790, 0x00000292211a4cf0, 0x0000029266e77010, 0x0000029266e75580
}

Java Threads: ( => current thread )
  0x0000029204ee7de0 JavaThread "main" [_thread_blocked, id=18520, stack(0x000000a209c00000,0x000000a209d00000)]
  0x00000292211a29a0 JavaThread "Reference Handler" daemon [_thread_blocked, id=20688, stack(0x000000a20a300000,0x000000a20a400000)]
  0x00000292211a3580 JavaThread "Finalizer" daemon [_thread_blocked, id=12924, stack(0x000000a20a400000,0x000000a20a500000)]
  0x00000292211a7cc0 JavaThread "Signal Dispatcher" daemon [_thread_blocked, id=4036, stack(0x000000a20a500000,0x000000a20a600000)]
  0x00000292211a6cd0 JavaThread "Attach Listener" daemon [_thread_blocked, id=16288, stack(0x000000a20a600000,0x000000a20a700000)]
  0x00000292211a5240 JavaThread "Service Thread" daemon [_thread_blocked, id=6048, stack(0x000000a20a700000,0x000000a20a800000)]
  0x00000292211a6230 JavaThread "Monitor Deflation Thread" daemon [_thread_blocked, id=3788, stack(0x000000a20a800000,0x000000a20a900000)]
=>0x00000292211d2570 JavaThread "C2 CompilerThread0" daemon [_thread_in_native, id=24620, stack(0x000000a20a900000,0x000000a20aa00000)]
  0x00000292211d2ef0 JavaThread "C1 CompilerThread0" daemon [_thread_blocked, id=3332, stack(0x000000a20aa00000,0x000000a20ab00000)]
  0x00000292211a5ce0 JavaThread "Common-Cleaner" daemon [_thread_blocked, id=24788, stack(0x000000a20ab00000,0x000000a20ac00000)]
  0x00000292211a47a0 JavaThread "Notification Thread" daemon [_thread_blocked, id=7584, stack(0x000000a20ac00000,0x000000a20ad00000)]
  0x00000292211a7220 JavaThread "Java2D Disposer" daemon [_thread_blocked, id=12040, stack(0x000000a20af00000,0x000000a20b000000)]
  0x00000292211a5790 JavaThread "AWT-Shutdown" [_thread_blocked, id=13560, stack(0x000000a20b000000,0x000000a20b100000)]
  0x00000292211a4cf0 JavaThread "AWT-Windows" daemon [_thread_in_native, id=7928, stack(0x000000a20b100000,0x000000a20b200000)]
  0x0000029266e77010 JavaThread "AWT-EventQueue-0" [_thread_blocked, id=11188, stack(0x000000a20be00000,0x000000a20bf00000)]
  0x0000029266e75580 JavaThread "D3D Screen Updater" daemon [_thread_blocked, id=17892, stack(0x000000a20bf00000,0x000000a20c000000)]

Other Threads:
  0x000002922117c900 VMThread "VM Thread" [stack: 0x000000a20a200000,0x000000a20a300000] [id=18636]
  0x00000292665967e0 WatcherThread "VM Periodic Task Thread" [stack: 0x000000a20ad00000,0x000000a20ae00000] [id=23168]
  0x0000029204f38c10 WorkerThread "GC Thread#0" [stack: 0x000000a209d00000,0x000000a209e00000] [id=20164]
  0x0000029204f456e0 ConcurrentGCThread "G1 Main Marker" [stack: 0x000000a209e00000,0x000000a209f00000] [id=25352]
  0x0000029204f46a50 WorkerThread "G1 Conc#0" [stack: 0x000000a209f00000,0x000000a20a000000] [id=11456]
  0x00000292210414b0 ConcurrentGCThread "G1 Refine#0" [stack: 0x000000a20a000000,0x000000a20a100000] [id=23520]
  0x0000029221041f50 ConcurrentGCThread "G1 Service" [stack: 0x000000a20a100000,0x000000a20a200000] [id=17304]

Threads with active compile tasks:
C2 CompilerThread0  2737093 1309       4       javax.swing.JComponent::setVisible (56 bytes)

VM state: not at safepoint (normal execution)

VM Mutex/Monitor currently owned by a thread: None

Heap address: 0x00000000a2200000, size: 1502 MB, Compressed Oops mode: 32-bit

CDS archive(s) mapped at: [0x0000029221400000-0x0000029222060000-0x0000029222060000), size 12976128, SharedBaseAddress: 0x0000029221400000, ArchiveRelocationMode: 1.
Compressed class space mapped at: 0x0000029222400000-0x0000029262400000, reserved size: 1073741824
Narrow klass base: 0x0000029221400000, Narrow klass shift: 0, Narrow klass range: 0x100000000

GC Precious Log:
 CardTable entry size: 512
 Card Set container configuration: InlinePtr #cards 5 size 8 Array Of Cards #cards 12 size 40 Howl #buckets 4 coarsen threshold 1843 Howl Bitmap #cards 512 size 80 coarsen threshold 460 Card regions per heap region 1 cards per card region 2048
 CPUs: 12 total, 12 available
 Memory: 6005M
 Large Page Support: Disabled
 NUMA Support: Disabled
 Compressed Oops: Enabled (32-bit)
 Heap Region Size: 1M
 Heap Min Capacity: 8M
 Heap Initial Capacity: 94M
 Heap Max Capacity: 1502M
 Pre-touch: Disabled
 Parallel Workers: 10
 Concurrent Workers: 3
 Concurrent Refinement Workers: 10
 Periodic GC: Disabled

Heap:
 garbage-first heap   total 96256K, used 16384K [0x00000000a2200000, 0x0000000100000000)
  region size 1024K, 14 young (14336K), 0 survivors (0K)
 Metaspace       used 7527K, committed 7680K, reserved 1114112K
  class space    used 807K, committed 896K, reserved 1048576K

Heap Regions: E=young(eden), S=young(survivor), O=old, HS=humongous(starts), HC=humongous(continues), CS=collection set, F=free, OA=open archive, CA=closed archive, TAMS=top-at-mark-start, PB=parsable bottom
|   0|0x00000000a2200000, 0x00000000a2300000, 0x00000000a2300000|100%|HS|  |TAMS 0x00000000a2200000| PB 0x00000000a2200000| Complete 
|   1|0x00000000a2300000, 0x00000000a2400000, 0x00000000a2400000|100%|HS|  |TAMS 0x00000000a2300000| PB 0x00000000a2300000| Complete 
|   2|0x00000000a2400000, 0x00000000a2500000, 0x00000000a2500000|100%|HC|  |TAMS 0x00000000a2400000| PB 0x00000000a2400000| Complete 
|   3|0x00000000a2500000, 0x00000000a2600000, 0x00000000a2600000|100%|HC|  |TAMS 0x00000000a2500000| PB 0x00000000a2500000| Complete 
|   4|0x00000000a2600000, 0x00000000a2600000, 0x00000000a2700000|  0%| F|  |TAMS 0x00000000a2600000| PB 0x00000000a2600000| Untracked 
|   5|0x00000000a2700000, 0x00000000a2700000, 0x00000000a2800000|  0%| F|  |TAMS 0x00000000a2700000| PB 0x00000000a2700000| Untracked 
|   6|0x00000000a2800000, 0x00000000a2800000, 0x00000000a2900000|  0%| F|  |TAMS 0x00000000a2800000| PB 0x00000000a2800000| Untracked 
|   7|0x00000000a2900000, 0x00000000a2900000, 0x00000000a2a00000|  0%| F|  |TAMS 0x00000000a2900000| PB 0x00000000a2900000| Untracked 
|   8|0x00000000a2a00000, 0x00000000a2a00000, 0x00000000a2b00000|  0%| F|  |TAMS 0x00000000a2a00000| PB 0x00000000a2a00000| Untracked 
|   9|0x00000000a2b00000, 0x00000000a2b00000, 0x00000000a2c00000|  0%| F|  |TAMS 0x00000000a2b00000| PB 0x00000000a2b00000| Untracked 
|  10|0x00000000a2c00000, 0x00000000a2c00000, 0x00000000a2d00000|  0%| F|  |TAMS 0x00000000a2c00000| PB 0x00000000a2c00000| Untracked 
|  11|0x00000000a2d00000, 0x00000000a2d00000, 0x00000000a2e00000|  0%| F|  |TAMS 0x00000000a2d00000| PB 0x00000000a2d00000| Untracked 
|  12|0x00000000a2e00000, 0x00000000a2e00000, 0x00000000a2f00000|  0%| F|  |TAMS 0x00000000a2e00000| PB 0x00000000a2e00000| Untracked 
|  13|0x00000000a2f00000, 0x00000000a2f00000, 0x00000000a3000000|  0%| F|  |TAMS 0x00000000a2f00000| PB 0x00000000a2f00000| Untracked 
|  14|0x00000000a3000000, 0x00000000a3000000, 0x00000000a3100000|  0%| F|  |TAMS 0x00000000a3000000| PB 0x00000000a3000000| Untracked 
|  15|0x00000000a3100000, 0x00000000a3100000, 0x00000000a3200000|  0%| F|  |TAMS 0x00000000a3100000| PB 0x00000000a3100000| Untracked 
|  16|0x00000000a3200000, 0x00000000a3200000, 0x00000000a3300000|  0%| F|  |TAMS 0x00000000a3200000| PB 0x00000000a3200000| Untracked 
|  17|0x00000000a3300000, 0x00000000a3300000, 0x00000000a3400000|  0%| F|  |TAMS 0x00000000a3300000| PB 0x00000000a3300000| Untracked 
|  18|0x00000000a3400000, 0x00000000a3400000, 0x00000000a3500000|  0%| F|  |TAMS 0x00000000a3400000| PB 0x00000000a3400000| Untracked 
|  19|0x00000000a3500000, 0x00000000a3500000, 0x00000000a3600000|  0%| F|  |TAMS 0x00000000a3500000| PB 0x00000000a3500000| Untracked 
|  20|0x00000000a3600000, 0x00000000a3600000, 0x00000000a3700000|  0%| F|  |TAMS 0x00000000a3600000| PB 0x00000000a3600000| Untracked 
|  21|0x00000000a3700000, 0x00000000a3700000, 0x00000000a3800000|  0%| F|  |TAMS 0x00000000a3700000| PB 0x00000000a3700000| Untracked 
|  22|0x00000000a3800000, 0x00000000a3800000, 0x00000000a3900000|  0%| F|  |TAMS 0x00000000a3800000| PB 0x00000000a3800000| Untracked 
|  23|0x00000000a3900000, 0x00000000a3900000, 0x00000000a3a00000|  0%| F|  |TAMS 0x00000000a3900000| PB 0x00000000a3900000| Untracked 
|  24|0x00000000a3a00000, 0x00000000a3a00000, 0x00000000a3b00000|  0%| F|  |TAMS 0x00000000a3a00000| PB 0x00000000a3a00000| Untracked 
|  25|0x00000000a3b00000, 0x00000000a3b00000, 0x00000000a3c00000|  0%| F|  |TAMS 0x00000000a3b00000| PB 0x00000000a3b00000| Untracked 
|  26|0x00000000a3c00000, 0x00000000a3c00000, 0x00000000a3d00000|  0%| F|  |TAMS 0x00000000a3c00000| PB 0x00000000a3c00000| Untracked 
|  27|0x00000000a3d00000, 0x00000000a3d00000, 0x00000000a3e00000|  0%| F|  |TAMS 0x00000000a3d00000| PB 0x00000000a3d00000| Untracked 
|  28|0x00000000a3e00000, 0x00000000a3e00000, 0x00000000a3f00000|  0%| F|  |TAMS 0x00000000a3e00000| PB 0x00000000a3e00000| Untracked 
|  29|0x00000000a3f00000, 0x00000000a3f00000, 0x00000000a4000000|  0%| F|  |TAMS 0x00000000a3f00000| PB 0x00000000a3f00000| Untracked 
|  30|0x00000000a4000000, 0x00000000a4000000, 0x00000000a4100000|  0%| F|  |TAMS 0x00000000a4000000| PB 0x00000000a4000000| Untracked 
|  31|0x00000000a4100000, 0x00000000a4100000, 0x00000000a4200000|  0%| F|  |TAMS 0x00000000a4100000| PB 0x00000000a4100000| Untracked 
|  32|0x00000000a4200000, 0x00000000a4200000, 0x00000000a4300000|  0%| F|  |TAMS 0x00000000a4200000| PB 0x00000000a4200000| Untracked 
|  33|0x00000000a4300000, 0x00000000a4300000, 0x00000000a4400000|  0%| F|  |TAMS 0x00000000a4300000| PB 0x00000000a4300000| Untracked 
|  34|0x00000000a4400000, 0x00000000a4400000, 0x00000000a4500000|  0%| F|  |TAMS 0x00000000a4400000| PB 0x00000000a4400000| Untracked 
|  35|0x00000000a4500000, 0x00000000a4500000, 0x00000000a4600000|  0%| F|  |TAMS 0x00000000a4500000| PB 0x00000000a4500000| Untracked 
|  36|0x00000000a4600000, 0x00000000a4600000, 0x00000000a4700000|  0%| F|  |TAMS 0x00000000a4600000| PB 0x00000000a4600000| Untracked 
|  37|0x00000000a4700000, 0x00000000a4700000, 0x00000000a4800000|  0%| F|  |TAMS 0x00000000a4700000| PB 0x00000000a4700000| Untracked 
|  38|0x00000000a4800000, 0x00000000a4800000, 0x00000000a4900000|  0%| F|  |TAMS 0x00000000a4800000| PB 0x00000000a4800000| Untracked 
|  39|0x00000000a4900000, 0x00000000a4900000, 0x00000000a4a00000|  0%| F|  |TAMS 0x00000000a4900000| PB 0x00000000a4900000| Untracked 
|  40|0x00000000a4a00000, 0x00000000a4a00000, 0x00000000a4b00000|  0%| F|  |TAMS 0x00000000a4a00000| PB 0x00000000a4a00000| Untracked 
|  41|0x00000000a4b00000, 0x00000000a4b00000, 0x00000000a4c00000|  0%| F|  |TAMS 0x00000000a4b00000| PB 0x00000000a4b00000| Untracked 
|  42|0x00000000a4c00000, 0x00000000a4c00000, 0x00000000a4d00000|  0%| F|  |TAMS 0x00000000a4c00000| PB 0x00000000a4c00000| Untracked 
|  43|0x00000000a4d00000, 0x00000000a4d00000, 0x00000000a4e00000|  0%| F|  |TAMS 0x00000000a4d00000| PB 0x00000000a4d00000| Untracked 
|  44|0x00000000a4e00000, 0x00000000a4e00000, 0x00000000a4f00000|  0%| F|  |TAMS 0x00000000a4e00000| PB 0x00000000a4e00000| Untracked 
|  45|0x00000000a4f00000, 0x00000000a4f00000, 0x00000000a5000000|  0%| F|  |TAMS 0x00000000a4f00000| PB 0x00000000a4f00000| Untracked 
|  46|0x00000000a5000000, 0x00000000a5000000, 0x00000000a5100000|  0%| F|  |TAMS 0x00000000a5000000| PB 0x00000000a5000000| Untracked 
|  47|0x00000000a5100000, 0x00000000a5100000, 0x00000000a5200000|  0%| F|  |TAMS 0x00000000a5100000| PB 0x00000000a5100000| Untracked 
|  48|0x00000000a5200000, 0x00000000a5200000, 0x00000000a5300000|  0%| F|  |TAMS 0x00000000a5200000| PB 0x00000000a5200000| Untracked 
|  49|0x00000000a5300000, 0x00000000a5300000, 0x00000000a5400000|  0%| F|  |TAMS 0x00000000a5300000| PB 0x00000000a5300000| Untracked 
|  50|0x00000000a5400000, 0x00000000a5400000, 0x00000000a5500000|  0%| F|  |TAMS 0x00000000a5400000| PB 0x00000000a5400000| Untracked 
|  51|0x00000000a5500000, 0x00000000a5500000, 0x00000000a5600000|  0%| F|  |TAMS 0x00000000a5500000| PB 0x00000000a5500000| Untracked 
|  52|0x00000000a5600000, 0x00000000a5600000, 0x00000000a5700000|  0%| F|  |TAMS 0x00000000a5600000| PB 0x00000000a5600000| Untracked 
|  53|0x00000000a5700000, 0x00000000a5700000, 0x00000000a5800000|  0%| F|  |TAMS 0x00000000a5700000| PB 0x00000000a5700000| Untracked 
|  54|0x00000000a5800000, 0x00000000a5800000, 0x00000000a5900000|  0%| F|  |TAMS 0x00000000a5800000| PB 0x00000000a5800000| Untracked 
|  55|0x00000000a5900000, 0x00000000a5900000, 0x00000000a5a00000|  0%| F|  |TAMS 0x00000000a5900000| PB 0x00000000a5900000| Untracked 
|  56|0x00000000a5a00000, 0x00000000a5a00000, 0x00000000a5b00000|  0%| F|  |TAMS 0x00000000a5a00000| PB 0x00000000a5a00000| Untracked 
|  57|0x00000000a5b00000, 0x00000000a5b00000, 0x00000000a5c00000|  0%| F|  |TAMS 0x00000000a5b00000| PB 0x00000000a5b00000| Untracked 
|  58|0x00000000a5c00000, 0x00000000a5c00000, 0x00000000a5d00000|  0%| F|  |TAMS 0x00000000a5c00000| PB 0x00000000a5c00000| Untracked 
|  59|0x00000000a5d00000, 0x00000000a5d00000, 0x00000000a5e00000|  0%| F|  |TAMS 0x00000000a5d00000| PB 0x00000000a5d00000| Untracked 
|  60|0x00000000a5e00000, 0x00000000a5e00000, 0x00000000a5f00000|  0%| F|  |TAMS 0x00000000a5e00000| PB 0x00000000a5e00000| Untracked 
|  61|0x00000000a5f00000, 0x00000000a5f00000, 0x00000000a6000000|  0%| F|  |TAMS 0x00000000a5f00000| PB 0x00000000a5f00000| Untracked 
|  62|0x00000000a6000000, 0x00000000a6000000, 0x00000000a6100000|  0%| F|  |TAMS 0x00000000a6000000| PB 0x00000000a6000000| Untracked 
|  63|0x00000000a6100000, 0x00000000a6100000, 0x00000000a6200000|  0%| F|  |TAMS 0x00000000a6100000| PB 0x00000000a6100000| Untracked 
|  64|0x00000000a6200000, 0x00000000a6200000, 0x00000000a6300000|  0%| F|  |TAMS 0x00000000a6200000| PB 0x00000000a6200000| Untracked 
|  65|0x00000000a6300000, 0x00000000a6300000, 0x00000000a6400000|  0%| F|  |TAMS 0x00000000a6300000| PB 0x00000000a6300000| Untracked 
|  66|0x00000000a6400000, 0x00000000a6400000, 0x00000000a6500000|  0%| F|  |TAMS 0x00000000a6400000| PB 0x00000000a6400000| Untracked 
|  67|0x00000000a6500000, 0x00000000a6500000, 0x00000000a6600000|  0%| F|  |TAMS 0x00000000a6500000| PB 0x00000000a6500000| Untracked 
|  68|0x00000000a6600000, 0x00000000a6600000, 0x00000000a6700000|  0%| F|  |TAMS 0x00000000a6600000| PB 0x00000000a6600000| Untracked 
|  69|0x00000000a6700000, 0x00000000a6700000, 0x00000000a6800000|  0%| F|  |TAMS 0x00000000a6700000| PB 0x00000000a6700000| Untracked 
|  70|0x00000000a6800000, 0x00000000a6800000, 0x00000000a6900000|  0%| F|  |TAMS 0x00000000a6800000| PB 0x00000000a6800000| Untracked 
|  71|0x00000000a6900000, 0x00000000a6900000, 0x00000000a6a00000|  0%| F|  |TAMS 0x00000000a6900000| PB 0x00000000a6900000| Untracked 
|  72|0x00000000a6a00000, 0x00000000a6a00000, 0x00000000a6b00000|  0%| F|  |TAMS 0x00000000a6a00000| PB 0x00000000a6a00000| Untracked 
|  73|0x00000000a6b00000, 0x00000000a6b00000, 0x00000000a6c00000|  0%| F|  |TAMS 0x00000000a6b00000| PB 0x00000000a6b00000| Untracked 
|  74|0x00000000a6c00000, 0x00000000a6c00000, 0x00000000a6d00000|  0%| F|  |TAMS 0x00000000a6c00000| PB 0x00000000a6c00000| Untracked 
|  75|0x00000000a6d00000, 0x00000000a6d00000, 0x00000000a6e00000|  0%| F|  |TAMS 0x00000000a6d00000| PB 0x00000000a6d00000| Untracked 
|  76|0x00000000a6e00000, 0x00000000a6e00000, 0x00000000a6f00000|  0%| F|  |TAMS 0x00000000a6e00000| PB 0x00000000a6e00000| Untracked 
|  77|0x00000000a6f00000, 0x00000000a6f00000, 0x00000000a7000000|  0%| F|  |TAMS 0x00000000a6f00000| PB 0x00000000a6f00000| Untracked 
|  78|0x00000000a7000000, 0x00000000a7000000, 0x00000000a7100000|  0%| F|  |TAMS 0x00000000a7000000| PB 0x00000000a7000000| Untracked 
|  79|0x00000000a7100000, 0x00000000a7100000, 0x00000000a7200000|  0%| F|  |TAMS 0x00000000a7100000| PB 0x00000000a7100000| Untracked 
|  80|0x00000000a7200000, 0x00000000a72ec0a0, 0x00000000a7300000| 92%| E|  |TAMS 0x00000000a7200000| PB 0x00000000a7200000| Complete 
|  81|0x00000000a7300000, 0x00000000a7400000, 0x00000000a7400000|100%| E|CS|TAMS 0x00000000a7300000| PB 0x00000000a7300000| Complete 
|  82|0x00000000a7400000, 0x00000000a7500000, 0x00000000a7500000|100%| E|CS|TAMS 0x00000000a7400000| PB 0x00000000a7400000| Complete 
|  83|0x00000000a7500000, 0x00000000a7600000, 0x00000000a7600000|100%| E|CS|TAMS 0x00000000a7500000| PB 0x00000000a7500000| Complete 
|  84|0x00000000a7600000, 0x00000000a7700000, 0x00000000a7700000|100%| E|CS|TAMS 0x00000000a7600000| PB 0x00000000a7600000| Complete 
|  85|0x00000000a7700000, 0x00000000a7800000, 0x00000000a7800000|100%| E|  |TAMS 0x00000000a7700000| PB 0x00000000a7700000| Complete 
|  86|0x00000000a7800000, 0x00000000a7900000, 0x00000000a7900000|100%| E|CS|TAMS 0x00000000a7800000| PB 0x00000000a7800000| Complete 
|  87|0x00000000a7900000, 0x00000000a7a00000, 0x00000000a7a00000|100%| E|CS|TAMS 0x00000000a7900000| PB 0x00000000a7900000| Complete 
|  88|0x00000000a7a00000, 0x00000000a7b00000, 0x00000000a7b00000|100%| E|CS|TAMS 0x00000000a7a00000| PB 0x00000000a7a00000| Complete 
|  89|0x00000000a7b00000, 0x00000000a7c00000, 0x00000000a7c00000|100%| E|CS|TAMS 0x00000000a7b00000| PB 0x00000000a7b00000| Complete 
|  90|0x00000000a7c00000, 0x00000000a7d00000, 0x00000000a7d00000|100%| E|CS|TAMS 0x00000000a7c00000| PB 0x00000000a7c00000| Complete 
|  91|0x00000000a7d00000, 0x00000000a7e00000, 0x00000000a7e00000|100%| E|CS|TAMS 0x00000000a7d00000| PB 0x00000000a7d00000| Complete 
|  92|0x00000000a7e00000, 0x00000000a7f00000, 0x00000000a7f00000|100%| E|CS|TAMS 0x00000000a7e00000| PB 0x00000000a7e00000| Complete 
|  93|0x00000000a7f00000, 0x00000000a8000000, 0x00000000a8000000|100%| E|CS|TAMS 0x00000000a7f00000| PB 0x00000000a7f00000| Complete 

Card table byte_map: [0x000002921c800000,0x000002921caf0000] _byte_map_base: 0x000002921c2ef000

Marking Bits: (CMBitMap*) 0x0000029204f39240
 Bits: [0x000002921cde0000, 0x000002921e558000)

Polling page: 0x0000029202e80000

Metaspace:

Usage:
  Non-class:      6.56 MB used.
      Class:    807.51 KB used.
       Both:      7.35 MB used.

Virtual space:
  Non-class space:       64.00 MB reserved,       6.62 MB ( 10%) committed,  1 nodes.
      Class space:        1.00 GB reserved,     896.00 KB ( <1%) committed,  1 nodes.
             Both:        1.06 GB reserved,       7.50 MB ( <1%) committed. 

Chunk freelists:
   Non-Class:  1.00 MB
       Class:  3.11 MB
        Both:  4.11 MB

MaxMetaspaceSize: unlimited
CompressedClassSpaceSize: 1.00 GB
Initial GC threshold: 21.00 MB
Current GC threshold: 21.00 MB
CDS: on
MetaspaceReclaimPolicy: balanced
 - commit_granule_bytes: 65536.
 - commit_granule_words: 8192.
 - virtual_space_node_default_size: 8388608.
 - enlarge_chunks_in_place: 1.
 - new_chunks_are_fully_committed: 0.
 - uncommit_free_chunks: 1.
 - use_allocation_guard: 0.


Internal statistics:

num_allocs_failed_limit: 0.
num_arena_births: 152.
num_arena_deaths: 0.
num_vsnodes_births: 2.
num_vsnodes_deaths: 0.
num_space_committed: 120.
num_space_uncommitted: 0.
num_chunks_returned_to_freelist: 0.
num_chunks_taken_from_freelist: 191.
num_chunk_merges: 0.
num_chunk_splits: 111.
num_chunks_enlarged: 43.
num_inconsistent_stats: 0.

CodeHeap 'non-profiled nmethods': size=120000Kb used=535Kb max_used=535Kb free=119464Kb
 bounds [0x0000029214a90000, 0x0000029214d00000, 0x000002921bfc0000]
CodeHeap 'profiled nmethods': size=120000Kb used=2080Kb max_used=2080Kb free=117919Kb
 bounds [0x000002920cfc0000, 0x000002920d230000, 0x00000292144f0000]
CodeHeap 'non-nmethods': size=5760Kb used=1616Kb max_used=1655Kb free=4143Kb
 bounds [0x00000292144f0000, 0x0000029214760000, 0x0000029214a90000]
 total_blobs=1932 nmethods=1308 adapters=535
 compilation: enabled
              stopped_count=0, restarted_count=0
 full_count=0

Compilation events (20 events):
Event: 2715.578 Thread 0x00000292211d2ef0 nmethod 1298 0x000002920d1c6510 code [0x000002920d1c66c0, 0x000002920d1c6a50]
Event: 2715.653 Thread 0x00000292211d2ef0 1299       3       java.lang.invoke.DirectMethodHandle$Holder::newInvokeSpecial (21 bytes)
Event: 2715.655 Thread 0x00000292211d2ef0 nmethod 1299 0x000002920d1c6b90 code [0x000002920d1c6d60, 0x000002920d1c72d8]
Event: 2715.763 Thread 0x00000292211d2ef0 1300       3       java.lang.ref.PhantomReference::<init> (7 bytes)
Event: 2715.763 Thread 0x00000292211d2ef0 nmethod 1300 0x000002920d1c7490 code [0x000002920d1c7640, 0x000002920d1c7920]
Event: 2715.795 Thread 0x00000292211d2ef0 1301       3       javax.swing.RepaintManager::currentManager (5 bytes)
Event: 2715.797 Thread 0x00000292211d2ef0 nmethod 1301 0x000002920d1c7a10 code [0x000002920d1c7bc0, 0x000002920d1c7d58]
Event: 2715.797 Thread 0x00000292211d2ef0 1302       3       javax.swing.RepaintManager::currentManager (7 bytes)
Event: 2715.797 Thread 0x00000292211d2ef0 nmethod 1302 0x000002920d1c7e10 code [0x000002920d1c7fa0, 0x000002920d1c80e0]
Event: 2721.617 Thread 0x00000292211d2570 1303       4       javax.swing.JComponent::revalidate (53 bytes)
Event: 2721.794 Thread 0x00000292211d2570 nmethod 1303 0x0000029214b0f490 code [0x0000029214b0f880, 0x0000029214b123b0]
Event: 2721.794 Thread 0x00000292211d2570 1304       4       sun.awt.SunToolkit::isDispatchThreadForAppContext (28 bytes)
Event: 2721.806 Thread 0x00000292211d2570 nmethod 1304 0x0000029214b14210 code [0x0000029214b14400, 0x0000029214b14a48]
Event: 2727.775 Thread 0x00000292211d2570 1306       4       java.awt.Container::getListenersCount (52 bytes)
Event: 2727.777 Thread 0x00000292211d2570 nmethod 1306 0x0000029214b15090 code [0x0000029214b15200, 0x0000029214b15310]
Event: 2732.907 Thread 0x00000292211d2570 1307       4       java.awt.Container::createHierarchyEvents (75 bytes)
Event: 2732.910 Thread 0x00000292211d2570 nmethod 1307 0x0000029214b15410 code [0x0000029214b155a0, 0x0000029214b15778]
Event: 2732.910 Thread 0x00000292211d2570 1308       4       java.awt.Component::createHierarchyEvents (173 bytes)
Event: 2732.912 Thread 0x00000292211d2570 nmethod 1308 0x0000029214b15990 code [0x0000029214b15b00, 0x0000029214b15c58]
Event: 2737.007 Thread 0x00000292211d2570 1309       4       javax.swing.JComponent::setVisible (56 bytes)

GC Heap History (0 events):
No events

Dll operation events (9 events):
Event: 0.014 Loaded shared library C:\Program Files\Java\jdk-20\bin\java.dll
Event: 0.070 Loaded shared library C:\Program Files\Java\jdk-20\bin\jsvml.dll
Event: 0.135 Loaded shared library C:\Program Files\Java\jdk-20\bin\net.dll
Event: 0.137 Loaded shared library C:\Program Files\Java\jdk-20\bin\nio.dll
Event: 0.165 Loaded shared library C:\Program Files\Java\jdk-20\bin\zip.dll
Event: 0.179 Loaded shared library C:\Program Files\Java\jdk-20\bin\jimage.dll
Event: 0.201 Loaded shared library C:\Program Files\Java\jdk-20\bin\awt.dll
Event: 0.864 Loaded shared library C:\Program Files\Java\jdk-20\bin\freetype.dll
Event: 0.865 Loaded shared library C:\Program Files\Java\jdk-20\bin\fontmanager.dll

Deoptimization events (20 events):
Event: 2540.089 Thread 0x0000029266e77010 Uncommon trap: trap_request=0xffffff45 fr.pc=0x0000029214b02210 relative=0x0000000000000090
Event: 2540.089 Thread 0x0000029266e77010 Uncommon trap: reason=unstable_if action=reinterpret pc=0x0000029214b02210 method=java.awt.EventQueue.eventToCacheIndex(Ljava/awt/AWTEvent;)I @ 4 c2
Event: 2540.089 Thread 0x0000029266e77010 DEOPT PACKING pc=0x0000029214b02210 sp=0x000000a20beff140
Event: 2540.090 Thread 0x0000029266e77010 DEOPT UNPACKING pc=0x0000029214559d22 sp=0x000000a20beff0e0 mode 2
Event: 2540.216 Thread 0x0000029266e77010 Uncommon trap: trap_request=0xffffffc6 fr.pc=0x0000029214b03b48 relative=0x0000000000000488
Event: 2540.216 Thread 0x0000029266e77010 Uncommon trap: reason=bimorphic_or_optimized_type_check action=maybe_recompile pc=0x0000029214b03b48 method=javax.swing.RepaintManager.addDirtyRegion0(Ljava/awt/Container;IIII)V @ 16 c2
Event: 2540.216 Thread 0x0000029266e77010 DEOPT PACKING pc=0x0000029214b03b48 sp=0x000000a20befef90
Event: 2540.221 Thread 0x0000029266e77010 DEOPT UNPACKING pc=0x0000029214559d22 sp=0x000000a20befef88 mode 2
Event: 2540.221 Thread 0x0000029266e77010 Uncommon trap: trap_request=0xffffff45 fr.pc=0x0000029214b09850 relative=0x0000000000000330
Event: 2540.221 Thread 0x0000029266e77010 Uncommon trap: reason=unstable_if action=reinterpret pc=0x0000029214b09850 method=java.awt.EventQueue.eventToCacheIndex(Ljava/awt/AWTEvent;)I @ 4 c2
Event: 2540.221 Thread 0x0000029266e77010 DEOPT PACKING pc=0x0000029214b09850 sp=0x000000a20beff470
Event: 2540.221 Thread 0x0000029266e77010 DEOPT UNPACKING pc=0x0000029214559d22 sp=0x000000a20beff340 mode 2
Event: 2700.747 Thread 0x0000029266e77010 Uncommon trap: trap_request=0xffffffc6 fr.pc=0x0000029214b03b48 relative=0x0000000000000488
Event: 2700.747 Thread 0x0000029266e77010 Uncommon trap: reason=bimorphic_or_optimized_type_check action=maybe_recompile pc=0x0000029214b03b48 method=javax.swing.RepaintManager.addDirtyRegion0(Ljava/awt/Container;IIII)V @ 16 c2
Event: 2700.747 Thread 0x0000029266e77010 DEOPT PACKING pc=0x0000029214b03b48 sp=0x000000a20befef90
Event: 2700.748 Thread 0x0000029266e77010 DEOPT UNPACKING pc=0x0000029214559d22 sp=0x000000a20befef88 mode 2
Event: 2715.792 Thread 0x0000029266e77010 Uncommon trap: trap_request=0xffffffc6 fr.pc=0x0000029214b03b48 relative=0x0000000000000488
Event: 2715.793 Thread 0x0000029266e77010 Uncommon trap: reason=bimorphic_or_optimized_type_check action=maybe_recompile pc=0x0000029214b03b48 method=javax.swing.RepaintManager.addDirtyRegion0(Ljava/awt/Container;IIII)V @ 16 c2
Event: 2715.793 Thread 0x0000029266e77010 DEOPT PACKING pc=0x0000029214b03b48 sp=0x000000a20befef90
Event: 2715.795 Thread 0x0000029266e77010 DEOPT UNPACKING pc=0x0000029214559d22 sp=0x000000a20befef88 mode 2

Classes loaded (20 events):
Event: 1.073 Loading class java/text/AttributedString$AttributedStringIterator
Event: 1.073 Loading class java/text/AttributedCharacterIterator
Event: 1.073 Loading class java/text/CharacterIterator
Event: 1.073 Loading class java/text/CharacterIterator done
Event: 1.073 Loading class java/text/AttributedCharacterIterator done
Event: 1.073 Loading class java/text/AttributedString$AttributedStringIterator done
Event: 1.073 Loading class java/awt/event/ContainerEvent
Event: 1.074 Loading class java/awt/event/ContainerEvent done
Event: 3.843 Loading class java/awt/LightweightDispatcher$2
Event: 3.843 Loading class java/awt/LightweightDispatcher$2 done
Event: 5.043 Loading class java/awt/KeyboardFocusManager$2
Event: 5.043 Loading class java/awt/KeyboardFocusManager$2 done
Event: 5.044 Loading class sun/awt/SunToolkit$1
Event: 5.044 Loading class sun/awt/SunToolkit$1 done
Event: 2539.393 Loading class java/util/WeakHashMap$KeyIterator
Event: 2539.399 Loading class java/util/WeakHashMap$HashIterator
Event: 2539.404 Loading class java/util/WeakHashMap$HashIterator done
Event: 2539.404 Loading class java/util/WeakHashMap$KeyIterator done
Event: 2539.791 Loading class javax/swing/RepaintManager$DisplayChangedRunnable
Event: 2539.794 Loading class javax/swing/RepaintManager$DisplayChangedRunnable done

Classes unloaded (0 events):
No events

Classes redefined (0 events):
No events

Internal exceptions (15 events):
Event: 0.138 Thread 0x0000029204ee7de0 Exception <a 'sun/nio/fs/WindowsException'{0x00000000a7e43b68}> (0x00000000a7e43b68) 
thrown [s\open\src\hotspot\share\prims\jni.cpp, line 519]
Event: 0.141 Thread 0x0000029204ee7de0 Exception <a 'sun/nio/fs/WindowsException'{0x00000000a7e45f50}> (0x00000000a7e45f50) 
thrown [s\open\src\hotspot\share\prims\jni.cpp, line 519]
Event: 0.141 Thread 0x0000029204ee7de0 Exception <a 'sun/nio/fs/WindowsException'{0x00000000a7e469e8}> (0x00000000a7e469e8) 
thrown [s\open\src\hotspot\share\prims\jni.cpp, line 519]
Event: 0.187 Thread 0x0000029204ee7de0 Exception <a 'java/lang/ClassNotFoundException'{0x00000000a7d93a30}: sun/awt/resources/spi/awtProvider> (0x00000000a7d93a30) 
thrown [s\open\src\hotspot\share\classfile\systemDictionary.cpp, line 305]
Event: 0.217 Thread 0x0000029204ee7de0 Exception <a 'java/io/FileNotFoundException'{0x00000000a7deae38}> (0x00000000a7deae38) 
thrown [s\open\src\hotspot\share\prims\jni.cpp, line 519]
Event: 0.225 Thread 0x0000029204ee7de0 Exception <a 'java/io/FileNotFoundException'{0x00000000a7c15748}> (0x00000000a7c15748) 
thrown [s\open\src\hotspot\share\prims\jni.cpp, line 519]
Event: 0.477 Thread 0x0000029204ee7de0 Exception <a 'java/lang/NoSuchMethodError'{0x00000000a7b34ba0}: 'void java.lang.invoke.DirectMethodHandle$Holder.invokeSpecial(java.lang.Object, java.lang.Object, java.lang.Object)'> (0x00000000a7b34ba0) 
thrown [s\open\src\hotspot\share\interpreter\linkResolver.cpp, line 773]
Event: 0.495 Thread 0x0000029204ee7de0 Exception <a 'java/lang/NoSuchMethodError'{0x00000000a7b5f320}: 'java.lang.Object java.lang.invoke.DirectMethodHandle$Holder.newInvokeSpecial(java.lang.Object, java.lang.Object, java.lang.Object, java.lang.Object, java.lang.Object)'> (0x00000000a7b5f320) 
thrown [s\open\src\hotspot\share\interpreter\linkResolver.cpp, line 773]
Event: 0.506 Thread 0x0000029204ee7de0 Exception <a 'java/lang/NoSuchMethodError'{0x00000000a7b8fe18}: 'java.lang.Object java.lang.invoke.DirectMethodHandle$Holder.invokeStatic(java.lang.Object, int, java.lang.Object)'> (0x00000000a7b8fe18) 
thrown [s\open\src\hotspot\share\interpreter\linkResolver.cpp, line 773]
Event: 0.548 Thread 0x0000029204ee7de0 Exception <a 'java/lang/ClassNotFoundException'{0x00000000a7a4b448}: com/sun/swing/internal/plaf/metal/resources/spi/metalProvider> (0x00000000a7a4b448) 
thrown [s\open\src\hotspot\share\classfile\systemDictionary.cpp, line 305]
Event: 0.551 Thread 0x0000029204ee7de0 Exception <a 'java/lang/ClassNotFoundException'{0x00000000a7a50540}: com/sun/swing/internal/plaf/basic/resources/spi/basicProvider> (0x00000000a7a50540) 
thrown [s\open\src\hotspot\share\classfile\systemDictionary.cpp, line 305]
Event: 0.564 Thread 0x0000029204ee7de0 Exception <a 'java/lang/NoSuchMethodError'{0x00000000a7a708a0}: 'int java.lang.invoke.Invokers$Holder.invokeExact_MT(java.lang.Object, java.lang.Object)'> (0x00000000a7a708a0) 
thrown [s\open\src\hotspot\share\interpreter\linkResolver.cpp, line 773]
Event: 0.666 Thread 0x0000029266e72b00 Exception <a 'java/lang/NoSuchMethodError'{0x00000000a789f858}: 'java.lang.Object java.lang.invoke.DirectMethodHandle$Holder.newInvokeSpecial(java.lang.Object, java.lang.Object, java.lang.Object, int, int, int, int, int)'> (0x00000000a789f858) 
thrown [s\open\src\hotspot\share\interpreter\linkResolver.cpp, line 773]
Event: 0.831 Thread 0x00000292211a4cf0 Exception <a 'java/lang/NoSuchMethodError'{0x00000000a7cfbec8}: 'void java.lang.invoke.DirectMethodHandle$Holder.invokeVirtual(java.lang.Object, java.lang.Object)'> (0x00000000a7cfbec8) 
thrown [s\open\src\hotspot\share\interpreter\linkResolver.cpp, line 773]
Event: 0.857 Thread 0x0000029204ee7de0 Exception <a 'java/lang/NoSuchMethodError'{0x00000000a7aa3be8}: 'void java.lang.invoke.DirectMethodHandle$Holder.invokeStaticInit(java.lang.Object)'> (0x00000000a7aa3be8) 
thrown [s\open\src\hotspot\share\interpreter\linkResolver.cpp, line 773]

VM Operations (20 events):
Event: 1404.224 Executing VM operation: Cleanup
Event: 1404.224 Executing VM operation: Cleanup done
Event: 1473.771 Executing VM operation: Cleanup
Event: 1473.771 Executing VM operation: Cleanup done
Event: 1667.043 Executing VM operation: Cleanup
Event: 1667.044 Executing VM operation: Cleanup done
Event: 1807.948 Executing VM operation: Cleanup
Event: 1807.948 Executing VM operation: Cleanup done
Event: 1808.951 Executing VM operation: Cleanup
Event: 1808.951 Executing VM operation: Cleanup done
Event: 2380.934 Executing VM operation: Cleanup
Event: 2380.934 Executing VM operation: Cleanup done
Event: 2540.179 Executing VM operation: Cleanup
Event: 2540.179 Executing VM operation: Cleanup done
Event: 2633.678 Executing VM operation: Cleanup
Event: 2633.678 Executing VM operation: Cleanup done
Event: 2723.221 Executing VM operation: Cleanup
Event: 2723.221 Executing VM operation: Cleanup done
Event: 2734.288 Executing VM operation: Cleanup
Event: 2734.289 Executing VM operation: Cleanup done

Events (20 events):
Event: 0.089 Thread 0x00000292211a6cd0 Thread added: 0x00000292211a6cd0
Event: 0.089 Thread 0x00000292211a5240 Thread added: 0x00000292211a5240
Event: 0.089 Thread 0x00000292211a6230 Thread added: 0x00000292211a6230
Event: 0.089 Thread 0x00000292211d2570 Thread added: 0x00000292211d2570
Event: 0.089 Thread 0x00000292211d2ef0 Thread added: 0x00000292211d2ef0
Event: 0.119 Thread 0x00000292211a5ce0 Thread added: 0x00000292211a5ce0
Event: 0.158 Thread 0x00000292211a47a0 Thread added: 0x00000292211a47a0
Event: 0.161 Thread 0x0000029266597460 Thread added: 0x0000029266597460
Event: 0.295 Thread 0x00000292211a7220 Thread added: 0x00000292211a7220
Event: 0.297 Thread 0x00000292211a5790 Thread added: 0x00000292211a5790
Event: 0.303 Thread 0x00000292211a4cf0 Thread added: 0x00000292211a4cf0
Event: 0.379 Thread 0x0000029266597460 Thread exited: 0x0000029266597460
Event: 0.577 Thread 0x0000029266e72b00 Thread added: 0x0000029266e72b00
Event: 0.724 Thread 0x0000029266f237c0 Thread added: 0x0000029266f237c0
Event: 0.724 Thread 0x0000029266f23d50 Thread added: 0x0000029266f23d50
Event: 0.830 Thread 0x0000029266e77010 Thread added: 0x0000029266e77010
Event: 0.991 Thread 0x0000029266e75580 Thread added: 0x0000029266e75580
Event: 1.012 Thread 0x0000029266f23d50 Thread exited: 0x0000029266f23d50
Event: 1.012 Thread 0x0000029266f237c0 Thread exited: 0x0000029266f237c0
Event: 5.812 Thread 0x0000029266e72b00 Thread exited: 0x0000029266e72b00


Dynamic libraries:
0x00007ff6a1250000 - 0x00007ff6a1260000 	C:\Program Files\Java\jdk-20\bin\java.exe
0x00007ffa16610000 - 0x00007ffa16827000 	C:\WINDOWS\SYSTEM32\ntdll.dll
0x00007ffa15270000 - 0x00007ffa15334000 	C:\WINDOWS\System32\KERNEL32.DLL
0x00007ffa13c30000 - 0x00007ffa13fd6000 	C:\WINDOWS\System32\KERNELBASE.dll
0x00007ffa13aa0000 - 0x00007ffa13bb1000 	C:\WINDOWS\System32\ucrtbase.dll
0x00007ffa0bba0000 - 0x00007ffa0bbbb000 	C:\Program Files\Java\jdk-20\bin\VCRUNTIME140.dll
0x00007ffa0e940000 - 0x00007ffa0e959000 	C:\Program Files\Java\jdk-20\bin\jli.dll
0x00007ffa14610000 - 0x00007ffa146c1000 	C:\WINDOWS\System32\ADVAPI32.dll
0x00007ffa146d0000 - 0x00007ffa14777000 	C:\WINDOWS\System32\msvcrt.dll
0x00007ffa14fd0000 - 0x00007ffa15075000 	C:\WINDOWS\System32\sechost.dll
0x00007ffa153f0000 - 0x00007ffa15507000 	C:\WINDOWS\System32\RPCRT4.dll
0x00007ffa150c0000 - 0x00007ffa1526e000 	C:\WINDOWS\System32\USER32.dll
0x00007ffa14330000 - 0x00007ffa14356000 	C:\WINDOWS\System32\win32u.dll
0x00007ffa15db0000 - 0x00007ffa15dd9000 	C:\WINDOWS\System32\GDI32.dll
0x00007ffa02dd0000 - 0x00007ffa03063000 	C:\WINDOWS\WinSxS\amd64_microsoft.windows.common-controls_6595b64144ccf1df_6.0.22621.2506_none_270c5ae97388e100\COMCTL32.dll
0x00007ffa13980000 - 0x00007ffa13a98000 	C:\WINDOWS\System32\gdi32full.dll
0x00007ffa14290000 - 0x00007ffa1432a000 	C:\WINDOWS\System32\msvcp_win.dll
0x00007ffa0bcf0000 - 0x00007ffa0bcfa000 	C:\WINDOWS\SYSTEM32\VERSION.dll
0x00007ffa15080000 - 0x00007ffa150b1000 	C:\WINDOWS\System32\IMM32.DLL
0x00007ffa10a10000 - 0x00007ffa10a1c000 	C:\Program Files\Java\jdk-20\bin\vcruntime140_1.dll
0x00007ffa03340000 - 0x00007ffa033ce000 	C:\Program Files\Java\jdk-20\bin\msvcp140.dll
0x00007ff996600000 - 0x00007ff997298000 	C:\Program Files\Java\jdk-20\bin\server\jvm.dll
0x00007ffa10a20000 - 0x00007ffa10a29000 	C:\WINDOWS\SYSTEM32\WSOCK32.dll
0x00007ffa15e10000 - 0x00007ffa15e81000 	C:\WINDOWS\System32\WS2_32.dll
0x00007ffa0c190000 - 0x00007ffa0c1c4000 	C:\WINDOWS\SYSTEM32\WINMM.dll
0x00007ffa12940000 - 0x00007ffa12958000 	C:\WINDOWS\SYSTEM32\kernel.appcore.dll
0x00007ffa104b0000 - 0x00007ffa104ba000 	C:\Program Files\Java\jdk-20\bin\jimage.dll
0x00007ffa0aeb0000 - 0x00007ffa0b0e3000 	C:\WINDOWS\SYSTEM32\DBGHELP.DLL
0x00007ffa14780000 - 0x00007ffa14b09000 	C:\WINDOWS\System32\combase.dll
0x00007ffa14d50000 - 0x00007ffa14e27000 	C:\WINDOWS\System32\OLEAUT32.dll
0x00007ffa00dd0000 - 0x00007ffa00e02000 	C:\WINDOWS\SYSTEM32\dbgcore.DLL
0x00007ffa13fe0000 - 0x00007ffa1405a000 	C:\WINDOWS\System32\bcryptPrimitives.dll
0x00007ffa05000000 - 0x00007ffa05026000 	C:\Program Files\Java\jdk-20\bin\java.dll
0x00007ffa03500000 - 0x00007ffa035d7000 	C:\Program Files\Java\jdk-20\bin\jsvml.dll
0x00007ffa15550000 - 0x00007ffa15daa000 	C:\WINDOWS\System32\SHELL32.dll
0x00007ffa11850000 - 0x00007ffa12146000 	C:\WINDOWS\SYSTEM32\windows.storage.dll
0x00007ffa11710000 - 0x00007ffa1184e000 	C:\WINDOWS\SYSTEM32\wintypes.dll
0x00007ffa15e90000 - 0x00007ffa15f83000 	C:\WINDOWS\System32\SHCORE.dll
0x00007ffa14f70000 - 0x00007ffa14fce000 	C:\WINDOWS\System32\shlwapi.dll
0x00007ffa138b0000 - 0x00007ffa138d6000 	C:\WINDOWS\SYSTEM32\profapi.dll
0x00007ffa04fe0000 - 0x00007ffa04ff3000 	C:\Program Files\Java\jdk-20\bin\net.dll
0x00007ffa0d1d0000 - 0x00007ffa0d307000 	C:\WINDOWS\SYSTEM32\WINHTTP.dll
0x00007ffa12db0000 - 0x00007ffa12e19000 	C:\WINDOWS\system32\mswsock.dll
0x00007ffa038c0000 - 0x00007ffa038d6000 	C:\Program Files\Java\jdk-20\bin\nio.dll
0x00007ffa038a0000 - 0x00007ffa038b8000 	C:\Program Files\Java\jdk-20\bin\zip.dll
0x00007ff9f5540000 - 0x00007ff9f56d1000 	C:\Program Files\Java\jdk-20\bin\awt.dll
0x00007ffa10ca0000 - 0x00007ffa10d37000 	C:\WINDOWS\SYSTEM32\apphelp.dll
0x00007ffa110c0000 - 0x00007ffa110eb000 	C:\WINDOWS\system32\DWMAPI.DLL
0x00007ffa10e30000 - 0x00007ffa10edb000 	C:\WINDOWS\system32\uxtheme.dll
0x00007ff9cf6b0000 - 0x00007ff9cf7b0000 	C:\WINDOWS\system32\opengl32.dll
0x00007ffa006e0000 - 0x00007ffa0070d000 	C:\WINDOWS\SYSTEM32\GLU32.dll
0x00007ffa10f50000 - 0x00007ffa10f86000 	C:\WINDOWS\SYSTEM32\dxcore.dll
0x00007ffa15f90000 - 0x00007ffa160e0000 	C:\WINDOWS\System32\MSCTF.dll
0x00007ffa14470000 - 0x00007ffa14610000 	C:\WINDOWS\System32\ole32.dll
0x00007ff9ce530000 - 0x00007ff9ce6d9000 	C:\WINDOWS\system32\d3d9.dll
0x00007ffa09790000 - 0x00007ffa0994b000 	C:\WINDOWS\System32\DriverStore\FileRepository\u0393179.inf_amd64_ee7135285f5a9111\B393056\aticfx64.dll
0x00007ffa051c0000 - 0x00007ffa051f4000 	C:\WINDOWS\System32\DriverStore\FileRepository\u0393179.inf_amd64_ee7135285f5a9111\B393056\atiu9p64.dll
0x00007ff99a480000 - 0x00007ff99b1d5000 	C:\WINDOWS\System32\DriverStore\FileRepository\u0393179.inf_amd64_ee7135285f5a9111\B393056\atiumd64.dll
0x000000006c240000 - 0x000000006d153000 	C:\WINDOWS\System32\DriverStore\FileRepository\u0393179.inf_amd64_ee7135285f5a9111\B393056\atiumd6a.dll
0x00007ffa16150000 - 0x00007ffa165c4000 	C:\WINDOWS\System32\SETUPAPI.dll
0x00007ffa13850000 - 0x00007ffa1389d000 	C:\WINDOWS\SYSTEM32\POWRPROF.dll
0x00007ffa13830000 - 0x00007ffa13843000 	C:\WINDOWS\SYSTEM32\UMPDC.dll
0x00007ffa096e0000 - 0x00007ffa09715000 	C:\WINDOWS\SYSTEM32\amdihk64.dll
0x00007ffa0dc70000 - 0x00007ffa0dcba000 	C:\WINDOWS\SYSTEM32\directxdatabasehelper.dll
0x00007ff9f54b0000 - 0x00007ff9f5536000 	C:\Program Files\Java\jdk-20\bin\freetype.dll
0x00007ff9f33c0000 - 0x00007ff9f3493000 	C:\Program Files\Java\jdk-20\bin\fontmanager.dll
0x00007ffa07ff0000 - 0x00007ffa0813a000 	C:\WINDOWS\SYSTEM32\textinputframework.dll
0x00007ffa108d0000 - 0x00007ffa10a03000 	C:\WINDOWS\SYSTEM32\CoreMessaging.dll
0x00007ffa0cdd0000 - 0x00007ffa0d13c000 	C:\WINDOWS\SYSTEM32\CoreUIComponents.dll
0x00007ffa130e0000 - 0x00007ffa130ec000 	C:\WINDOWS\SYSTEM32\CRYPTBASE.DLL
0x00007ff9f88e0000 - 0x00007ff9f8990000 	C:\WINDOWS\SYSTEM32\TextShaping.dll

dbghelp: loaded successfully - version: 4.0.5 - missing functions: none
symbol engine: initialized successfully - sym options: 0x614 - pdb path: .;C:\Program Files\Java\jdk-20\bin;C:\WINDOWS\SYSTEM32;C:\WINDOWS\WinSxS\amd64_microsoft.windows.common-controls_6595b64144ccf1df_6.0.22621.2506_none_270c5ae97388e100;C:\Program Files\Java\jdk-20\bin\server;C:\WINDOWS\System32\DriverStore\FileRepository\u0393179.inf_amd64_ee7135285f5a9111\B393056

VM Arguments:
jvm_args: -Dfile.encoding=UTF-8 --module-path=C:\Users\emapa\OneDrive\Documents\NetBeansProjects\HHG\build\classes 
java_command: hhg.HHG
java_class_path (initial): C:\Users\emapa\Downloads\mysql-connector-java-8.0.28.jar;C:\Users\emapa\Downloads\rs2xml.jar;C:\Users\emapa\OneDrive\Documents\NetBeansProjects\HHG\build\classes
Launcher Type: SUN_STANDARD

[Global flags]
     intx CICompilerCount                          = 4                                         {product} {ergonomic}
     uint ConcGCThreads                            = 3                                         {product} {ergonomic}
     uint G1ConcRefinementThreads                  = 10                                        {product} {ergonomic}
   size_t G1HeapRegionSize                         = 1048576                                   {product} {ergonomic}
    uintx GCDrainStackTargetSize                   = 64                                        {product} {ergonomic}
   size_t InitialHeapSize                          = 98566144                                  {product} {ergonomic}
   size_t MarkStackSize                            = 4194304                                   {product} {ergonomic}
   size_t MaxHeapSize                              = 1574961152                                {product} {ergonomic}
   size_t MaxNewSize                               = 944766976                                 {product} {ergonomic}
   size_t MinHeapDeltaBytes                        = 1048576                                   {product} {ergonomic}
   size_t MinHeapSize                              = 8388608                                   {product} {ergonomic}
    uintx NonNMethodCodeHeapSize                   = 5839372                                {pd product} {ergonomic}
    uintx NonProfiledCodeHeapSize                  = 122909434                              {pd product} {ergonomic}
    uintx ProfiledCodeHeapSize                     = 122909434                              {pd product} {ergonomic}
    uintx ReservedCodeCacheSize                    = 251658240                              {pd product} {ergonomic}
     bool SegmentedCodeCache                       = true                                      {product} {ergonomic}
   size_t SoftMaxHeapSize                          = 1574961152                             {manageable} {ergonomic}
     bool UseCompressedClassPointers               = true                           {product lp64_product} {ergonomic}
     bool UseCompressedOops                        = true                           {product lp64_product} {ergonomic}
     bool UseG1GC                                  = true                                      {product} {ergonomic}
     bool UseLargePagesIndividualAllocation        = false                                  {pd product} {ergonomic}

Logging:
Log output configuration:
 #0: stdout all=warning uptime,level,tags foldmultilines=false
 #1: stderr all=off uptime,level,tags foldmultilines=false

Environment Variables:
PATH=C:\Program Files\Common Files\Oracle\Java\javapath;C:\WINDOWS\system32;C:\WINDOWS;C:\WINDOWS\System32\Wbem;C:\WINDOWS\System32\WindowsPowerShell\v1.0\;C:\WINDOWS\System32\OpenSSH\;C:\Program Files\Microsoft SQL Server\Client SDK\ODBC\170\Tools\Binn\;C:\Program Files\Azure Data Studio\bin;C:\Program Files\MySQL\MySQL Shell 8.0\bin\;C:\Users\emapa\AppData\Local\Microsoft\WindowsApps;C:\Program Files\Azure Data Studio\bin;C:\Users\emapa\OneDrive\Desktop\flutter\bin;;C:\Users\emapa\AppData\Local\Programs\Microsoft VS Code\bin
USERNAME=emapa
OS=Windows_NT
PROCESSOR_IDENTIFIER=AMD64 Family 23 Model 104 Stepping 1, AuthenticAMD
TMP=C:\Users\emapa\AppData\Local\Temp
TEMP=C:\Users\emapa\AppData\Local\Temp




---------------  S Y S T E M  ---------------

OS:
 Windows 11 , 64 bit Build 22621 (10.0.22621.2506)
OS uptime: 0 days 22:52 hours
Hyper-V role detected

CPU: total 12 (initial active 12) (12 cores per cpu, 2 threads per core) family 23 model 104 stepping 1 microcode 0x0, cx8, cmov, fxsr, ht, mmx, 3dnowpref, sse, sse2, sse3, ssse3, sse4a, sse4.1, sse4.2, popcnt, lzcnt, tsc, tscinvbit, avx, avx2, aes, clmul, bmi1, bmi2, adx, sha, fma, vzeroupper, clflush, clflushopt, hv, rdtscp, rdpid, f16c

Memory: 4k page, system-wide physical 6005M (497M free)
TotalPageFile size 24437M (AvailPageFile size 2M)
current process WorkingSet (physical memory assigned to process): 27M, peak: 98M
current process commit charge ("private bytes"): 233M, peak: 242M

vm_info: Java HotSpot(TM) 64-Bit Server VM (20.0.2+9-78) for windows-amd64 JRE (20.0.2+9-78), built on 2023-06-14T10:08:48Z by "mach5one" with MS VC++ 17.1 (VS2022)

END.
